[2026-03-11T18:50:49.516+0000] {processor.py:161} INFO - Started process (PID=174) to work on /opt/airflow/dags/example_dag.py
[2026-03-11T18:50:49.519+0000] {processor.py:830} INFO - Processing file /opt/airflow/dags/example_dag.py for tasks to queue
[2026-03-11T18:50:49.523+0000] {logging_mixin.py:188} INFO - [2026-03-11T18:50:49.522+0000] {dagbag.py:538} INFO - Filling up the DagBag from /opt/airflow/dags/example_dag.py
[2026-03-11T18:50:49.571+0000] {logging_mixin.py:188} INFO - [2026-03-11T18:50:49.561+0000] {dagbag.py:348} ERROR - Failed to import: /opt/airflow/dags/example_dag.py
Traceback (most recent call last):
  File "/home/airflow/.local/lib/python3.8/site-packages/airflow/models/dagbag.py", line 344, in parse
    loader.exec_module(new_module)
  File "<frozen importlib._bootstrap_external>", line 843, in exec_module
  File "<frozen importlib._bootstrap>", line 219, in _call_with_frames_removed
  File "/opt/airflow/dags/example_dag.py", line 5, in <module>
    from airflow.utils.decorators import dag, task
ImportError: cannot import name 'dag' from 'airflow.utils.decorators' (/home/airflow/.local/lib/python3.8/site-packages/airflow/utils/decorators.py)
[2026-03-11T18:50:49.579+0000] {processor.py:842} WARNING - No viable dags retrieved from /opt/airflow/dags/example_dag.py
[2026-03-11T18:50:50.009+0000] {processor.py:183} INFO - Processing /opt/airflow/dags/example_dag.py took 0.505 seconds
[2026-03-11T18:51:20.707+0000] {processor.py:161} INFO - Started process (PID=180) to work on /opt/airflow/dags/example_dag.py
[2026-03-11T18:51:20.716+0000] {processor.py:830} INFO - Processing file /opt/airflow/dags/example_dag.py for tasks to queue
[2026-03-11T18:51:20.720+0000] {logging_mixin.py:188} INFO - [2026-03-11T18:51:20.719+0000] {dagbag.py:538} INFO - Filling up the DagBag from /opt/airflow/dags/example_dag.py
[2026-03-11T18:51:20.762+0000] {logging_mixin.py:188} INFO - [2026-03-11T18:51:20.751+0000] {dagbag.py:348} ERROR - Failed to import: /opt/airflow/dags/example_dag.py
Traceback (most recent call last):
  File "/home/airflow/.local/lib/python3.8/site-packages/airflow/models/dagbag.py", line 344, in parse
    loader.exec_module(new_module)
  File "<frozen importlib._bootstrap_external>", line 843, in exec_module
  File "<frozen importlib._bootstrap>", line 219, in _call_with_frames_removed
  File "/opt/airflow/dags/example_dag.py", line 5, in <module>
    from airflow.utils.decorators import dag, task
ImportError: cannot import name 'dag' from 'airflow.utils.decorators' (/home/airflow/.local/lib/python3.8/site-packages/airflow/utils/decorators.py)
[2026-03-11T18:51:20.766+0000] {processor.py:842} WARNING - No viable dags retrieved from /opt/airflow/dags/example_dag.py
[2026-03-11T18:51:21.058+0000] {processor.py:183} INFO - Processing /opt/airflow/dags/example_dag.py took 0.361 seconds
[2026-03-11T18:51:51.282+0000] {processor.py:161} INFO - Started process (PID=185) to work on /opt/airflow/dags/example_dag.py
[2026-03-11T18:51:51.287+0000] {processor.py:830} INFO - Processing file /opt/airflow/dags/example_dag.py for tasks to queue
[2026-03-11T18:51:51.290+0000] {logging_mixin.py:188} INFO - [2026-03-11T18:51:51.289+0000] {dagbag.py:538} INFO - Filling up the DagBag from /opt/airflow/dags/example_dag.py
[2026-03-11T18:51:51.347+0000] {logging_mixin.py:188} INFO - [2026-03-11T18:51:51.334+0000] {dagbag.py:348} ERROR - Failed to import: /opt/airflow/dags/example_dag.py
Traceback (most recent call last):
  File "/home/airflow/.local/lib/python3.8/site-packages/airflow/models/dagbag.py", line 344, in parse
    loader.exec_module(new_module)
  File "<frozen importlib._bootstrap_external>", line 843, in exec_module
  File "<frozen importlib._bootstrap>", line 219, in _call_with_frames_removed
  File "/opt/airflow/dags/example_dag.py", line 5, in <module>
    from airflow.utils.decorators import dag, task
ImportError: cannot import name 'dag' from 'airflow.utils.decorators' (/home/airflow/.local/lib/python3.8/site-packages/airflow/utils/decorators.py)
[2026-03-11T18:51:51.351+0000] {processor.py:842} WARNING - No viable dags retrieved from /opt/airflow/dags/example_dag.py
[2026-03-11T18:51:51.643+0000] {processor.py:183} INFO - Processing /opt/airflow/dags/example_dag.py took 0.372 seconds
[2026-03-11T18:52:21.846+0000] {processor.py:161} INFO - Started process (PID=190) to work on /opt/airflow/dags/example_dag.py
[2026-03-11T18:52:21.850+0000] {processor.py:830} INFO - Processing file /opt/airflow/dags/example_dag.py for tasks to queue
[2026-03-11T18:52:21.853+0000] {logging_mixin.py:188} INFO - [2026-03-11T18:52:21.853+0000] {dagbag.py:538} INFO - Filling up the DagBag from /opt/airflow/dags/example_dag.py
[2026-03-11T18:52:21.893+0000] {logging_mixin.py:188} INFO - [2026-03-11T18:52:21.884+0000] {dagbag.py:348} ERROR - Failed to import: /opt/airflow/dags/example_dag.py
Traceback (most recent call last):
  File "/home/airflow/.local/lib/python3.8/site-packages/airflow/models/dagbag.py", line 344, in parse
    loader.exec_module(new_module)
  File "<frozen importlib._bootstrap_external>", line 843, in exec_module
  File "<frozen importlib._bootstrap>", line 219, in _call_with_frames_removed
  File "/opt/airflow/dags/example_dag.py", line 5, in <module>
    from airflow.utils.decorators import dag, task
ImportError: cannot import name 'dag' from 'airflow.utils.decorators' (/home/airflow/.local/lib/python3.8/site-packages/airflow/utils/decorators.py)
[2026-03-11T18:52:21.896+0000] {processor.py:842} WARNING - No viable dags retrieved from /opt/airflow/dags/example_dag.py
[2026-03-11T18:52:22.171+0000] {processor.py:183} INFO - Processing /opt/airflow/dags/example_dag.py took 0.338 seconds
[2026-03-11T18:52:52.516+0000] {processor.py:161} INFO - Started process (PID=195) to work on /opt/airflow/dags/example_dag.py
[2026-03-11T18:52:52.520+0000] {processor.py:830} INFO - Processing file /opt/airflow/dags/example_dag.py for tasks to queue
[2026-03-11T18:52:52.523+0000] {logging_mixin.py:188} INFO - [2026-03-11T18:52:52.522+0000] {dagbag.py:538} INFO - Filling up the DagBag from /opt/airflow/dags/example_dag.py
[2026-03-11T18:52:52.572+0000] {logging_mixin.py:188} INFO - [2026-03-11T18:52:52.562+0000] {dagbag.py:348} ERROR - Failed to import: /opt/airflow/dags/example_dag.py
Traceback (most recent call last):
  File "/home/airflow/.local/lib/python3.8/site-packages/airflow/models/dagbag.py", line 344, in parse
    loader.exec_module(new_module)
  File "<frozen importlib._bootstrap_external>", line 843, in exec_module
  File "<frozen importlib._bootstrap>", line 219, in _call_with_frames_removed
  File "/opt/airflow/dags/example_dag.py", line 5, in <module>
    from airflow.utils.decorators import dag, task
ImportError: cannot import name 'dag' from 'airflow.utils.decorators' (/home/airflow/.local/lib/python3.8/site-packages/airflow/utils/decorators.py)
[2026-03-11T18:52:52.576+0000] {processor.py:842} WARNING - No viable dags retrieved from /opt/airflow/dags/example_dag.py
[2026-03-11T18:52:52.842+0000] {processor.py:183} INFO - Processing /opt/airflow/dags/example_dag.py took 0.343 seconds
[2026-03-11T18:53:23.868+0000] {processor.py:161} INFO - Started process (PID=200) to work on /opt/airflow/dags/example_dag.py
[2026-03-11T18:53:23.893+0000] {processor.py:830} INFO - Processing file /opt/airflow/dags/example_dag.py for tasks to queue
[2026-03-11T18:53:23.919+0000] {logging_mixin.py:188} INFO - [2026-03-11T18:53:23.918+0000] {dagbag.py:538} INFO - Filling up the DagBag from /opt/airflow/dags/example_dag.py
[2026-03-11T18:53:24.436+0000] {logging_mixin.py:188} INFO - [2026-03-11T18:53:24.409+0000] {dagbag.py:348} ERROR - Failed to import: /opt/airflow/dags/example_dag.py
Traceback (most recent call last):
  File "/home/airflow/.local/lib/python3.8/site-packages/airflow/models/dagbag.py", line 344, in parse
    loader.exec_module(new_module)
  File "<frozen importlib._bootstrap_external>", line 843, in exec_module
  File "<frozen importlib._bootstrap>", line 219, in _call_with_frames_removed
  File "/opt/airflow/dags/example_dag.py", line 5, in <module>
    from airflow.utils.decorators import dag, task
ImportError: cannot import name 'dag' from 'airflow.utils.decorators' (/home/airflow/.local/lib/python3.8/site-packages/airflow/utils/decorators.py)
[2026-03-11T18:53:24.446+0000] {processor.py:842} WARNING - No viable dags retrieved from /opt/airflow/dags/example_dag.py
[2026-03-11T18:53:25.046+0000] {processor.py:183} INFO - Processing /opt/airflow/dags/example_dag.py took 1.201 seconds
[2026-03-11T18:53:55.294+0000] {processor.py:161} INFO - Started process (PID=205) to work on /opt/airflow/dags/example_dag.py
[2026-03-11T18:53:55.298+0000] {processor.py:830} INFO - Processing file /opt/airflow/dags/example_dag.py for tasks to queue
[2026-03-11T18:53:55.301+0000] {logging_mixin.py:188} INFO - [2026-03-11T18:53:55.300+0000] {dagbag.py:538} INFO - Filling up the DagBag from /opt/airflow/dags/example_dag.py
[2026-03-11T18:53:55.358+0000] {logging_mixin.py:188} INFO - [2026-03-11T18:53:55.346+0000] {dagbag.py:348} ERROR - Failed to import: /opt/airflow/dags/example_dag.py
Traceback (most recent call last):
  File "/home/airflow/.local/lib/python3.8/site-packages/airflow/models/dagbag.py", line 344, in parse
    loader.exec_module(new_module)
  File "<frozen importlib._bootstrap_external>", line 843, in exec_module
  File "<frozen importlib._bootstrap>", line 219, in _call_with_frames_removed
  File "/opt/airflow/dags/example_dag.py", line 5, in <module>
    from airflow.utils.decorators import dag, task
ImportError: cannot import name 'dag' from 'airflow.utils.decorators' (/home/airflow/.local/lib/python3.8/site-packages/airflow/utils/decorators.py)
[2026-03-11T18:53:55.362+0000] {processor.py:842} WARNING - No viable dags retrieved from /opt/airflow/dags/example_dag.py
[2026-03-11T18:53:55.736+0000] {processor.py:183} INFO - Processing /opt/airflow/dags/example_dag.py took 0.455 seconds
[2026-03-11T18:54:26.000+0000] {processor.py:161} INFO - Started process (PID=210) to work on /opt/airflow/dags/example_dag.py
[2026-03-11T18:54:26.005+0000] {processor.py:830} INFO - Processing file /opt/airflow/dags/example_dag.py for tasks to queue
[2026-03-11T18:54:26.009+0000] {logging_mixin.py:188} INFO - [2026-03-11T18:54:26.008+0000] {dagbag.py:538} INFO - Filling up the DagBag from /opt/airflow/dags/example_dag.py
[2026-03-11T18:54:26.052+0000] {logging_mixin.py:188} INFO - [2026-03-11T18:54:26.041+0000] {dagbag.py:348} ERROR - Failed to import: /opt/airflow/dags/example_dag.py
Traceback (most recent call last):
  File "/home/airflow/.local/lib/python3.8/site-packages/airflow/models/dagbag.py", line 344, in parse
    loader.exec_module(new_module)
  File "<frozen importlib._bootstrap_external>", line 843, in exec_module
  File "<frozen importlib._bootstrap>", line 219, in _call_with_frames_removed
  File "/opt/airflow/dags/example_dag.py", line 5, in <module>
    from airflow.utils.decorators import dag, task
ImportError: cannot import name 'dag' from 'airflow.utils.decorators' (/home/airflow/.local/lib/python3.8/site-packages/airflow/utils/decorators.py)
[2026-03-11T18:54:26.056+0000] {processor.py:842} WARNING - No viable dags retrieved from /opt/airflow/dags/example_dag.py
[2026-03-11T18:54:26.424+0000] {processor.py:183} INFO - Processing /opt/airflow/dags/example_dag.py took 0.435 seconds
[2026-03-11T18:54:33.677+0000] {processor.py:161} INFO - Started process (PID=215) to work on /opt/airflow/dags/example_dag.py
[2026-03-11T18:54:33.681+0000] {processor.py:830} INFO - Processing file /opt/airflow/dags/example_dag.py for tasks to queue
[2026-03-11T18:54:33.684+0000] {logging_mixin.py:188} INFO - [2026-03-11T18:54:33.683+0000] {dagbag.py:538} INFO - Filling up the DagBag from /opt/airflow/dags/example_dag.py
[2026-03-11T18:54:33.809+0000] {processor.py:840} INFO - DAG(s) 'example_herbarium_dag' retrieved from /opt/airflow/dags/example_dag.py
[2026-03-11T18:54:34.769+0000] {logging_mixin.py:188} INFO - [2026-03-11T18:54:34.767+0000] {override.py:1769} INFO - Created Permission View: can delete on DAG:example_herbarium_dag
[2026-03-11T18:54:34.801+0000] {logging_mixin.py:188} INFO - [2026-03-11T18:54:34.800+0000] {override.py:1769} INFO - Created Permission View: can edit on DAG:example_herbarium_dag
[2026-03-11T18:54:34.821+0000] {logging_mixin.py:188} INFO - [2026-03-11T18:54:34.820+0000] {override.py:1769} INFO - Created Permission View: can read on DAG:example_herbarium_dag
[2026-03-11T18:54:34.823+0000] {logging_mixin.py:188} INFO - [2026-03-11T18:54:34.822+0000] {dag.py:3036} INFO - Sync 1 DAGs
[2026-03-11T18:54:34.868+0000] {logging_mixin.py:188} INFO - [2026-03-11T18:54:34.867+0000] {dag.py:3058} INFO - Creating ORM DAG for example_herbarium_dag
[2026-03-11T18:54:34.922+0000] {logging_mixin.py:188} INFO - [2026-03-11T18:54:34.921+0000] {dag.py:3823} INFO - Setting next_dagrun for example_herbarium_dag to 2026-03-10 00:00:00+00:00, run_after=2026-03-11 00:00:00+00:00
[2026-03-11T18:54:35.011+0000] {processor.py:183} INFO - Processing /opt/airflow/dags/example_dag.py took 1.343 seconds
[2026-03-11T18:55:41.541+0000] {processor.py:161} INFO - Started process (PID=179) to work on /opt/airflow/dags/example_dag.py
[2026-03-11T18:55:41.550+0000] {processor.py:830} INFO - Processing file /opt/airflow/dags/example_dag.py for tasks to queue
[2026-03-11T18:55:41.565+0000] {logging_mixin.py:188} INFO - [2026-03-11T18:55:41.564+0000] {dagbag.py:538} INFO - Filling up the DagBag from /opt/airflow/dags/example_dag.py
[2026-03-11T18:55:41.717+0000] {processor.py:840} INFO - DAG(s) 'example_herbarium_dag' retrieved from /opt/airflow/dags/example_dag.py
[2026-03-11T18:55:42.285+0000] {logging_mixin.py:188} INFO - [2026-03-11T18:55:42.284+0000] {dag.py:3036} INFO - Sync 1 DAGs
[2026-03-11T18:55:42.387+0000] {logging_mixin.py:188} INFO - [2026-03-11T18:55:42.387+0000] {dag.py:3823} INFO - Setting next_dagrun for example_herbarium_dag to 2026-03-10 00:00:00+00:00, run_after=2026-03-11 00:00:00+00:00
[2026-03-11T18:55:42.561+0000] {processor.py:183} INFO - Processing /opt/airflow/dags/example_dag.py took 1.031 seconds
[2026-03-11T18:56:12.949+0000] {processor.py:161} INFO - Started process (PID=184) to work on /opt/airflow/dags/example_dag.py
[2026-03-11T18:56:12.978+0000] {processor.py:830} INFO - Processing file /opt/airflow/dags/example_dag.py for tasks to queue
[2026-03-11T18:56:12.996+0000] {logging_mixin.py:188} INFO - [2026-03-11T18:56:12.995+0000] {dagbag.py:538} INFO - Filling up the DagBag from /opt/airflow/dags/example_dag.py
[2026-03-11T18:56:13.190+0000] {processor.py:840} INFO - DAG(s) 'example_herbarium_dag' retrieved from /opt/airflow/dags/example_dag.py
[2026-03-11T18:56:13.961+0000] {logging_mixin.py:188} INFO - [2026-03-11T18:56:13.961+0000] {dag.py:3036} INFO - Sync 1 DAGs
[2026-03-11T18:56:14.040+0000] {logging_mixin.py:188} INFO - [2026-03-11T18:56:14.040+0000] {dag.py:3823} INFO - Setting next_dagrun for example_herbarium_dag to 2026-03-10 00:00:00+00:00, run_after=2026-03-11 00:00:00+00:00
[2026-03-11T18:56:14.141+0000] {processor.py:183} INFO - Processing /opt/airflow/dags/example_dag.py took 1.213 seconds
[2026-03-11T18:56:44.611+0000] {processor.py:161} INFO - Started process (PID=191) to work on /opt/airflow/dags/example_dag.py
[2026-03-11T18:56:44.613+0000] {processor.py:830} INFO - Processing file /opt/airflow/dags/example_dag.py for tasks to queue
[2026-03-11T18:56:44.616+0000] {logging_mixin.py:188} INFO - [2026-03-11T18:56:44.615+0000] {dagbag.py:538} INFO - Filling up the DagBag from /opt/airflow/dags/example_dag.py
[2026-03-11T18:56:44.672+0000] {processor.py:840} INFO - DAG(s) 'example_herbarium_dag' retrieved from /opt/airflow/dags/example_dag.py
[2026-03-11T18:56:45.404+0000] {logging_mixin.py:188} INFO - [2026-03-11T18:56:45.404+0000] {dag.py:3036} INFO - Sync 1 DAGs
[2026-03-11T18:56:45.516+0000] {logging_mixin.py:188} INFO - [2026-03-11T18:56:45.516+0000] {dag.py:3823} INFO - Setting next_dagrun for example_herbarium_dag to 2026-03-11 00:00:00+00:00, run_after=2026-03-12 00:00:00+00:00
[2026-03-11T18:56:45.713+0000] {processor.py:183} INFO - Processing /opt/airflow/dags/example_dag.py took 1.110 seconds
[2026-03-11T18:57:16.598+0000] {processor.py:161} INFO - Started process (PID=210) to work on /opt/airflow/dags/example_dag.py
[2026-03-11T18:57:16.603+0000] {processor.py:830} INFO - Processing file /opt/airflow/dags/example_dag.py for tasks to queue
[2026-03-11T18:57:16.607+0000] {logging_mixin.py:188} INFO - [2026-03-11T18:57:16.606+0000] {dagbag.py:538} INFO - Filling up the DagBag from /opt/airflow/dags/example_dag.py
[2026-03-11T18:57:16.689+0000] {processor.py:840} INFO - DAG(s) 'example_herbarium_dag' retrieved from /opt/airflow/dags/example_dag.py
[2026-03-11T18:57:16.980+0000] {logging_mixin.py:188} INFO - [2026-03-11T18:57:16.979+0000] {dag.py:3036} INFO - Sync 1 DAGs
[2026-03-11T18:57:17.077+0000] {logging_mixin.py:188} INFO - [2026-03-11T18:57:17.076+0000] {dag.py:3823} INFO - Setting next_dagrun for example_herbarium_dag to 2026-03-11 00:00:00+00:00, run_after=2026-03-12 00:00:00+00:00
[2026-03-11T18:57:17.147+0000] {processor.py:183} INFO - Processing /opt/airflow/dags/example_dag.py took 0.561 seconds
[2026-03-11T18:57:47.946+0000] {processor.py:161} INFO - Started process (PID=217) to work on /opt/airflow/dags/example_dag.py
[2026-03-11T18:57:47.948+0000] {processor.py:830} INFO - Processing file /opt/airflow/dags/example_dag.py for tasks to queue
[2026-03-11T18:57:47.951+0000] {logging_mixin.py:188} INFO - [2026-03-11T18:57:47.950+0000] {dagbag.py:538} INFO - Filling up the DagBag from /opt/airflow/dags/example_dag.py
[2026-03-11T18:57:48.005+0000] {processor.py:840} INFO - DAG(s) 'example_herbarium_dag' retrieved from /opt/airflow/dags/example_dag.py
[2026-03-11T18:57:48.468+0000] {logging_mixin.py:188} INFO - [2026-03-11T18:57:48.468+0000] {dag.py:3036} INFO - Sync 1 DAGs
[2026-03-11T18:57:48.797+0000] {logging_mixin.py:188} INFO - [2026-03-11T18:57:48.796+0000] {dag.py:3823} INFO - Setting next_dagrun for example_herbarium_dag to 2026-03-11 00:00:00+00:00, run_after=2026-03-12 00:00:00+00:00
[2026-03-11T18:57:49.004+0000] {processor.py:183} INFO - Processing /opt/airflow/dags/example_dag.py took 1.065 seconds
[2026-03-11T18:58:19.394+0000] {processor.py:161} INFO - Started process (PID=222) to work on /opt/airflow/dags/example_dag.py
[2026-03-11T18:58:19.397+0000] {processor.py:830} INFO - Processing file /opt/airflow/dags/example_dag.py for tasks to queue
[2026-03-11T18:58:19.401+0000] {logging_mixin.py:188} INFO - [2026-03-11T18:58:19.400+0000] {dagbag.py:538} INFO - Filling up the DagBag from /opt/airflow/dags/example_dag.py
[2026-03-11T18:58:19.463+0000] {processor.py:840} INFO - DAG(s) 'example_herbarium_dag' retrieved from /opt/airflow/dags/example_dag.py
[2026-03-11T18:58:19.699+0000] {logging_mixin.py:188} INFO - [2026-03-11T18:58:19.699+0000] {dag.py:3036} INFO - Sync 1 DAGs
[2026-03-11T18:58:19.785+0000] {logging_mixin.py:188} INFO - [2026-03-11T18:58:19.785+0000] {dag.py:3823} INFO - Setting next_dagrun for example_herbarium_dag to 2026-03-11 00:00:00+00:00, run_after=2026-03-12 00:00:00+00:00
[2026-03-11T18:58:19.866+0000] {processor.py:183} INFO - Processing /opt/airflow/dags/example_dag.py took 0.481 seconds
[2026-03-11T18:58:50.317+0000] {processor.py:161} INFO - Started process (PID=227) to work on /opt/airflow/dags/example_dag.py
[2026-03-11T18:58:50.320+0000] {processor.py:830} INFO - Processing file /opt/airflow/dags/example_dag.py for tasks to queue
[2026-03-11T18:58:50.324+0000] {logging_mixin.py:188} INFO - [2026-03-11T18:58:50.323+0000] {dagbag.py:538} INFO - Filling up the DagBag from /opt/airflow/dags/example_dag.py
[2026-03-11T18:58:50.383+0000] {processor.py:840} INFO - DAG(s) 'example_herbarium_dag' retrieved from /opt/airflow/dags/example_dag.py
[2026-03-11T18:58:50.643+0000] {logging_mixin.py:188} INFO - [2026-03-11T18:58:50.642+0000] {dag.py:3036} INFO - Sync 1 DAGs
[2026-03-11T18:58:50.732+0000] {logging_mixin.py:188} INFO - [2026-03-11T18:58:50.731+0000] {dag.py:3823} INFO - Setting next_dagrun for example_herbarium_dag to 2026-03-11 00:00:00+00:00, run_after=2026-03-12 00:00:00+00:00
[2026-03-11T18:58:50.844+0000] {processor.py:183} INFO - Processing /opt/airflow/dags/example_dag.py took 0.539 seconds
[2026-03-11T18:59:21.305+0000] {processor.py:161} INFO - Started process (PID=232) to work on /opt/airflow/dags/example_dag.py
[2026-03-11T18:59:21.308+0000] {processor.py:830} INFO - Processing file /opt/airflow/dags/example_dag.py for tasks to queue
[2026-03-11T18:59:21.310+0000] {logging_mixin.py:188} INFO - [2026-03-11T18:59:21.309+0000] {dagbag.py:538} INFO - Filling up the DagBag from /opt/airflow/dags/example_dag.py
[2026-03-11T18:59:21.391+0000] {processor.py:840} INFO - DAG(s) 'example_herbarium_dag' retrieved from /opt/airflow/dags/example_dag.py
[2026-03-11T18:59:22.003+0000] {logging_mixin.py:188} INFO - [2026-03-11T18:59:22.002+0000] {dag.py:3036} INFO - Sync 1 DAGs
[2026-03-11T18:59:22.340+0000] {logging_mixin.py:188} INFO - [2026-03-11T18:59:22.339+0000] {dag.py:3823} INFO - Setting next_dagrun for example_herbarium_dag to 2026-03-11 00:00:00+00:00, run_after=2026-03-12 00:00:00+00:00
[2026-03-11T18:59:22.778+0000] {processor.py:183} INFO - Processing /opt/airflow/dags/example_dag.py took 1.483 seconds
[2026-03-11T18:59:53.499+0000] {processor.py:161} INFO - Started process (PID=237) to work on /opt/airflow/dags/example_dag.py
[2026-03-11T18:59:53.505+0000] {processor.py:830} INFO - Processing file /opt/airflow/dags/example_dag.py for tasks to queue
[2026-03-11T18:59:53.508+0000] {logging_mixin.py:188} INFO - [2026-03-11T18:59:53.507+0000] {dagbag.py:538} INFO - Filling up the DagBag from /opt/airflow/dags/example_dag.py
[2026-03-11T18:59:53.592+0000] {processor.py:840} INFO - DAG(s) 'example_herbarium_dag' retrieved from /opt/airflow/dags/example_dag.py
[2026-03-11T18:59:54.143+0000] {logging_mixin.py:188} INFO - [2026-03-11T18:59:54.142+0000] {dag.py:3036} INFO - Sync 1 DAGs
[2026-03-11T18:59:54.255+0000] {logging_mixin.py:188} INFO - [2026-03-11T18:59:54.254+0000] {dag.py:3823} INFO - Setting next_dagrun for example_herbarium_dag to 2026-03-11 00:00:00+00:00, run_after=2026-03-12 00:00:00+00:00
[2026-03-11T18:59:54.360+0000] {processor.py:183} INFO - Processing /opt/airflow/dags/example_dag.py took 0.873 seconds
[2026-03-11T19:00:24.794+0000] {processor.py:161} INFO - Started process (PID=242) to work on /opt/airflow/dags/example_dag.py
[2026-03-11T19:00:24.796+0000] {processor.py:830} INFO - Processing file /opt/airflow/dags/example_dag.py for tasks to queue
[2026-03-11T19:00:24.799+0000] {logging_mixin.py:188} INFO - [2026-03-11T19:00:24.798+0000] {dagbag.py:538} INFO - Filling up the DagBag from /opt/airflow/dags/example_dag.py
[2026-03-11T19:00:24.833+0000] {processor.py:840} INFO - DAG(s) 'example_herbarium_dag' retrieved from /opt/airflow/dags/example_dag.py
[2026-03-11T19:00:25.037+0000] {logging_mixin.py:188} INFO - [2026-03-11T19:00:25.036+0000] {dag.py:3036} INFO - Sync 1 DAGs
[2026-03-11T19:00:25.292+0000] {logging_mixin.py:188} INFO - [2026-03-11T19:00:25.291+0000] {dag.py:3823} INFO - Setting next_dagrun for example_herbarium_dag to 2026-03-11 00:00:00+00:00, run_after=2026-03-12 00:00:00+00:00
[2026-03-11T19:00:25.416+0000] {processor.py:183} INFO - Processing /opt/airflow/dags/example_dag.py took 0.629 seconds
[2026-03-11T19:00:55.742+0000] {processor.py:161} INFO - Started process (PID=247) to work on /opt/airflow/dags/example_dag.py
[2026-03-11T19:00:55.744+0000] {processor.py:830} INFO - Processing file /opt/airflow/dags/example_dag.py for tasks to queue
[2026-03-11T19:00:55.746+0000] {logging_mixin.py:188} INFO - [2026-03-11T19:00:55.745+0000] {dagbag.py:538} INFO - Filling up the DagBag from /opt/airflow/dags/example_dag.py
[2026-03-11T19:00:55.782+0000] {processor.py:840} INFO - DAG(s) 'example_herbarium_dag' retrieved from /opt/airflow/dags/example_dag.py
[2026-03-11T19:00:55.938+0000] {logging_mixin.py:188} INFO - [2026-03-11T19:00:55.938+0000] {dag.py:3036} INFO - Sync 1 DAGs
[2026-03-11T19:00:55.983+0000] {logging_mixin.py:188} INFO - [2026-03-11T19:00:55.983+0000] {dag.py:3823} INFO - Setting next_dagrun for example_herbarium_dag to 2026-03-11 00:00:00+00:00, run_after=2026-03-12 00:00:00+00:00
[2026-03-11T19:00:56.043+0000] {processor.py:183} INFO - Processing /opt/airflow/dags/example_dag.py took 0.305 seconds
[2026-03-11T19:01:26.313+0000] {processor.py:161} INFO - Started process (PID=252) to work on /opt/airflow/dags/example_dag.py
[2026-03-11T19:01:26.314+0000] {processor.py:830} INFO - Processing file /opt/airflow/dags/example_dag.py for tasks to queue
[2026-03-11T19:01:26.316+0000] {logging_mixin.py:188} INFO - [2026-03-11T19:01:26.315+0000] {dagbag.py:538} INFO - Filling up the DagBag from /opt/airflow/dags/example_dag.py
[2026-03-11T19:01:26.356+0000] {processor.py:840} INFO - DAG(s) 'example_herbarium_dag' retrieved from /opt/airflow/dags/example_dag.py
[2026-03-11T19:01:26.529+0000] {logging_mixin.py:188} INFO - [2026-03-11T19:01:26.529+0000] {dag.py:3036} INFO - Sync 1 DAGs
[2026-03-11T19:01:26.578+0000] {logging_mixin.py:188} INFO - [2026-03-11T19:01:26.578+0000] {dag.py:3823} INFO - Setting next_dagrun for example_herbarium_dag to 2026-03-11 00:00:00+00:00, run_after=2026-03-12 00:00:00+00:00
[2026-03-11T19:01:26.642+0000] {processor.py:183} INFO - Processing /opt/airflow/dags/example_dag.py took 0.333 seconds
[2026-03-11T19:01:57.087+0000] {processor.py:161} INFO - Started process (PID=257) to work on /opt/airflow/dags/example_dag.py
[2026-03-11T19:01:57.089+0000] {processor.py:830} INFO - Processing file /opt/airflow/dags/example_dag.py for tasks to queue
[2026-03-11T19:01:57.090+0000] {logging_mixin.py:188} INFO - [2026-03-11T19:01:57.090+0000] {dagbag.py:538} INFO - Filling up the DagBag from /opt/airflow/dags/example_dag.py
[2026-03-11T19:01:57.146+0000] {processor.py:840} INFO - DAG(s) 'example_herbarium_dag' retrieved from /opt/airflow/dags/example_dag.py
[2026-03-11T19:01:57.619+0000] {logging_mixin.py:188} INFO - [2026-03-11T19:01:57.619+0000] {dag.py:3036} INFO - Sync 1 DAGs
[2026-03-11T19:01:57.667+0000] {logging_mixin.py:188} INFO - [2026-03-11T19:01:57.667+0000] {dag.py:3823} INFO - Setting next_dagrun for example_herbarium_dag to 2026-03-11 00:00:00+00:00, run_after=2026-03-12 00:00:00+00:00
[2026-03-11T19:01:57.725+0000] {processor.py:183} INFO - Processing /opt/airflow/dags/example_dag.py took 0.641 seconds
[2026-03-11T19:02:27.978+0000] {processor.py:161} INFO - Started process (PID=262) to work on /opt/airflow/dags/example_dag.py
[2026-03-11T19:02:27.980+0000] {processor.py:830} INFO - Processing file /opt/airflow/dags/example_dag.py for tasks to queue
[2026-03-11T19:02:27.981+0000] {logging_mixin.py:188} INFO - [2026-03-11T19:02:27.981+0000] {dagbag.py:538} INFO - Filling up the DagBag from /opt/airflow/dags/example_dag.py
[2026-03-11T19:02:28.019+0000] {processor.py:840} INFO - DAG(s) 'example_herbarium_dag' retrieved from /opt/airflow/dags/example_dag.py
[2026-03-11T19:02:28.205+0000] {logging_mixin.py:188} INFO - [2026-03-11T19:02:28.205+0000] {dag.py:3036} INFO - Sync 1 DAGs
[2026-03-11T19:02:28.246+0000] {logging_mixin.py:188} INFO - [2026-03-11T19:02:28.245+0000] {dag.py:3823} INFO - Setting next_dagrun for example_herbarium_dag to 2026-03-11 00:00:00+00:00, run_after=2026-03-12 00:00:00+00:00
[2026-03-11T19:02:28.301+0000] {processor.py:183} INFO - Processing /opt/airflow/dags/example_dag.py took 0.328 seconds
[2026-03-11T19:02:58.596+0000] {processor.py:161} INFO - Started process (PID=267) to work on /opt/airflow/dags/example_dag.py
[2026-03-11T19:02:58.598+0000] {processor.py:830} INFO - Processing file /opt/airflow/dags/example_dag.py for tasks to queue
[2026-03-11T19:02:58.600+0000] {logging_mixin.py:188} INFO - [2026-03-11T19:02:58.600+0000] {dagbag.py:538} INFO - Filling up the DagBag from /opt/airflow/dags/example_dag.py
[2026-03-11T19:02:58.649+0000] {processor.py:840} INFO - DAG(s) 'example_herbarium_dag' retrieved from /opt/airflow/dags/example_dag.py
[2026-03-11T19:02:58.868+0000] {logging_mixin.py:188} INFO - [2026-03-11T19:02:58.868+0000] {dag.py:3036} INFO - Sync 1 DAGs
[2026-03-11T19:02:58.918+0000] {logging_mixin.py:188} INFO - [2026-03-11T19:02:58.918+0000] {dag.py:3823} INFO - Setting next_dagrun for example_herbarium_dag to 2026-03-11 00:00:00+00:00, run_after=2026-03-12 00:00:00+00:00
[2026-03-11T19:02:58.974+0000] {processor.py:183} INFO - Processing /opt/airflow/dags/example_dag.py took 0.385 seconds
[2026-03-11T19:03:29.378+0000] {processor.py:161} INFO - Started process (PID=272) to work on /opt/airflow/dags/example_dag.py
[2026-03-11T19:03:29.381+0000] {processor.py:830} INFO - Processing file /opt/airflow/dags/example_dag.py for tasks to queue
[2026-03-11T19:03:29.386+0000] {logging_mixin.py:188} INFO - [2026-03-11T19:03:29.386+0000] {dagbag.py:538} INFO - Filling up the DagBag from /opt/airflow/dags/example_dag.py
[2026-03-11T19:03:29.477+0000] {processor.py:840} INFO - DAG(s) 'example_herbarium_dag' retrieved from /opt/airflow/dags/example_dag.py
[2026-03-11T19:03:29.802+0000] {logging_mixin.py:188} INFO - [2026-03-11T19:03:29.801+0000] {dag.py:3036} INFO - Sync 1 DAGs
[2026-03-11T19:03:29.864+0000] {logging_mixin.py:188} INFO - [2026-03-11T19:03:29.864+0000] {dag.py:3823} INFO - Setting next_dagrun for example_herbarium_dag to 2026-03-11 00:00:00+00:00, run_after=2026-03-12 00:00:00+00:00
[2026-03-11T19:03:29.954+0000] {processor.py:183} INFO - Processing /opt/airflow/dags/example_dag.py took 0.582 seconds
[2026-03-11T19:04:00.261+0000] {processor.py:161} INFO - Started process (PID=277) to work on /opt/airflow/dags/example_dag.py
[2026-03-11T19:04:00.263+0000] {processor.py:830} INFO - Processing file /opt/airflow/dags/example_dag.py for tasks to queue
[2026-03-11T19:04:00.265+0000] {logging_mixin.py:188} INFO - [2026-03-11T19:04:00.264+0000] {dagbag.py:538} INFO - Filling up the DagBag from /opt/airflow/dags/example_dag.py
[2026-03-11T19:04:00.309+0000] {processor.py:840} INFO - DAG(s) 'example_herbarium_dag' retrieved from /opt/airflow/dags/example_dag.py
[2026-03-11T19:04:00.659+0000] {logging_mixin.py:188} INFO - [2026-03-11T19:04:00.659+0000] {dag.py:3036} INFO - Sync 1 DAGs
[2026-03-11T19:04:00.726+0000] {logging_mixin.py:188} INFO - [2026-03-11T19:04:00.726+0000] {dag.py:3823} INFO - Setting next_dagrun for example_herbarium_dag to 2026-03-11 00:00:00+00:00, run_after=2026-03-12 00:00:00+00:00
[2026-03-11T19:04:00.795+0000] {processor.py:183} INFO - Processing /opt/airflow/dags/example_dag.py took 0.537 seconds
[2026-03-11T19:04:31.248+0000] {processor.py:161} INFO - Started process (PID=282) to work on /opt/airflow/dags/example_dag.py
[2026-03-11T19:04:31.251+0000] {processor.py:830} INFO - Processing file /opt/airflow/dags/example_dag.py for tasks to queue
[2026-03-11T19:04:31.253+0000] {logging_mixin.py:188} INFO - [2026-03-11T19:04:31.252+0000] {dagbag.py:538} INFO - Filling up the DagBag from /opt/airflow/dags/example_dag.py
[2026-03-11T19:04:31.311+0000] {processor.py:840} INFO - DAG(s) 'example_herbarium_dag' retrieved from /opt/airflow/dags/example_dag.py
[2026-03-11T19:04:31.648+0000] {logging_mixin.py:188} INFO - [2026-03-11T19:04:31.648+0000] {dag.py:3036} INFO - Sync 1 DAGs
[2026-03-11T19:04:31.712+0000] {logging_mixin.py:188} INFO - [2026-03-11T19:04:31.712+0000] {dag.py:3823} INFO - Setting next_dagrun for example_herbarium_dag to 2026-03-11 00:00:00+00:00, run_after=2026-03-12 00:00:00+00:00
[2026-03-11T19:04:31.795+0000] {processor.py:183} INFO - Processing /opt/airflow/dags/example_dag.py took 0.554 seconds
[2026-03-11T19:05:01.986+0000] {processor.py:161} INFO - Started process (PID=287) to work on /opt/airflow/dags/example_dag.py
[2026-03-11T19:05:01.989+0000] {processor.py:830} INFO - Processing file /opt/airflow/dags/example_dag.py for tasks to queue
[2026-03-11T19:05:01.992+0000] {logging_mixin.py:188} INFO - [2026-03-11T19:05:01.991+0000] {dagbag.py:538} INFO - Filling up the DagBag from /opt/airflow/dags/example_dag.py
[2026-03-11T19:05:02.060+0000] {processor.py:840} INFO - DAG(s) 'example_herbarium_dag' retrieved from /opt/airflow/dags/example_dag.py
[2026-03-11T19:05:02.345+0000] {logging_mixin.py:188} INFO - [2026-03-11T19:05:02.345+0000] {dag.py:3036} INFO - Sync 1 DAGs
[2026-03-11T19:05:02.422+0000] {logging_mixin.py:188} INFO - [2026-03-11T19:05:02.421+0000] {dag.py:3823} INFO - Setting next_dagrun for example_herbarium_dag to 2026-03-11 00:00:00+00:00, run_after=2026-03-12 00:00:00+00:00
[2026-03-11T19:05:02.516+0000] {processor.py:183} INFO - Processing /opt/airflow/dags/example_dag.py took 0.534 seconds
[2026-03-11T19:05:32.890+0000] {processor.py:161} INFO - Started process (PID=292) to work on /opt/airflow/dags/example_dag.py
[2026-03-11T19:05:32.893+0000] {processor.py:830} INFO - Processing file /opt/airflow/dags/example_dag.py for tasks to queue
[2026-03-11T19:05:32.894+0000] {logging_mixin.py:188} INFO - [2026-03-11T19:05:32.894+0000] {dagbag.py:538} INFO - Filling up the DagBag from /opt/airflow/dags/example_dag.py
[2026-03-11T19:05:32.927+0000] {processor.py:840} INFO - DAG(s) 'example_herbarium_dag' retrieved from /opt/airflow/dags/example_dag.py
[2026-03-11T19:05:33.138+0000] {logging_mixin.py:188} INFO - [2026-03-11T19:05:33.138+0000] {dag.py:3036} INFO - Sync 1 DAGs
[2026-03-11T19:05:33.221+0000] {logging_mixin.py:188} INFO - [2026-03-11T19:05:33.220+0000] {dag.py:3823} INFO - Setting next_dagrun for example_herbarium_dag to 2026-03-11 00:00:00+00:00, run_after=2026-03-12 00:00:00+00:00
[2026-03-11T19:05:33.292+0000] {processor.py:183} INFO - Processing /opt/airflow/dags/example_dag.py took 0.409 seconds
[2026-03-11T19:06:03.740+0000] {processor.py:161} INFO - Started process (PID=297) to work on /opt/airflow/dags/example_dag.py
[2026-03-11T19:06:03.743+0000] {processor.py:830} INFO - Processing file /opt/airflow/dags/example_dag.py for tasks to queue
[2026-03-11T19:06:03.746+0000] {logging_mixin.py:188} INFO - [2026-03-11T19:06:03.745+0000] {dagbag.py:538} INFO - Filling up the DagBag from /opt/airflow/dags/example_dag.py
[2026-03-11T19:06:03.796+0000] {processor.py:840} INFO - DAG(s) 'example_herbarium_dag' retrieved from /opt/airflow/dags/example_dag.py
[2026-03-11T19:06:04.064+0000] {logging_mixin.py:188} INFO - [2026-03-11T19:06:04.064+0000] {dag.py:3036} INFO - Sync 1 DAGs
[2026-03-11T19:06:04.131+0000] {logging_mixin.py:188} INFO - [2026-03-11T19:06:04.131+0000] {dag.py:3823} INFO - Setting next_dagrun for example_herbarium_dag to 2026-03-11 00:00:00+00:00, run_after=2026-03-12 00:00:00+00:00
[2026-03-11T19:06:04.218+0000] {processor.py:183} INFO - Processing /opt/airflow/dags/example_dag.py took 0.482 seconds
[2026-03-11T19:06:34.584+0000] {processor.py:161} INFO - Started process (PID=302) to work on /opt/airflow/dags/example_dag.py
[2026-03-11T19:06:34.590+0000] {processor.py:830} INFO - Processing file /opt/airflow/dags/example_dag.py for tasks to queue
[2026-03-11T19:06:34.593+0000] {logging_mixin.py:188} INFO - [2026-03-11T19:06:34.592+0000] {dagbag.py:538} INFO - Filling up the DagBag from /opt/airflow/dags/example_dag.py
[2026-03-11T19:06:34.664+0000] {processor.py:840} INFO - DAG(s) 'example_herbarium_dag' retrieved from /opt/airflow/dags/example_dag.py
[2026-03-11T19:06:35.156+0000] {logging_mixin.py:188} INFO - [2026-03-11T19:06:35.156+0000] {dag.py:3036} INFO - Sync 1 DAGs
[2026-03-11T19:06:35.399+0000] {logging_mixin.py:188} INFO - [2026-03-11T19:06:35.399+0000] {dag.py:3823} INFO - Setting next_dagrun for example_herbarium_dag to 2026-03-11 00:00:00+00:00, run_after=2026-03-12 00:00:00+00:00
[2026-03-11T19:06:35.571+0000] {processor.py:183} INFO - Processing /opt/airflow/dags/example_dag.py took 0.996 seconds
[2026-03-11T19:07:06.170+0000] {processor.py:161} INFO - Started process (PID=307) to work on /opt/airflow/dags/example_dag.py
[2026-03-11T19:07:06.200+0000] {processor.py:830} INFO - Processing file /opt/airflow/dags/example_dag.py for tasks to queue
[2026-03-11T19:07:06.222+0000] {logging_mixin.py:188} INFO - [2026-03-11T19:07:06.214+0000] {dagbag.py:538} INFO - Filling up the DagBag from /opt/airflow/dags/example_dag.py
[2026-03-11T19:07:06.665+0000] {processor.py:840} INFO - DAG(s) 'example_herbarium_dag' retrieved from /opt/airflow/dags/example_dag.py
[2026-03-11T19:07:07.616+0000] {logging_mixin.py:188} INFO - [2026-03-11T19:07:07.616+0000] {dag.py:3036} INFO - Sync 1 DAGs
[2026-03-11T19:07:07.926+0000] {logging_mixin.py:188} INFO - [2026-03-11T19:07:07.926+0000] {dag.py:3823} INFO - Setting next_dagrun for example_herbarium_dag to 2026-03-11 00:00:00+00:00, run_after=2026-03-12 00:00:00+00:00
[2026-03-11T19:07:08.006+0000] {processor.py:183} INFO - Processing /opt/airflow/dags/example_dag.py took 1.936 seconds
[2026-03-11T19:07:38.392+0000] {processor.py:161} INFO - Started process (PID=312) to work on /opt/airflow/dags/example_dag.py
[2026-03-11T19:07:38.396+0000] {processor.py:830} INFO - Processing file /opt/airflow/dags/example_dag.py for tasks to queue
[2026-03-11T19:07:38.401+0000] {logging_mixin.py:188} INFO - [2026-03-11T19:07:38.400+0000] {dagbag.py:538} INFO - Filling up the DagBag from /opt/airflow/dags/example_dag.py
[2026-03-11T19:07:38.534+0000] {processor.py:840} INFO - DAG(s) 'example_herbarium_dag' retrieved from /opt/airflow/dags/example_dag.py
[2026-03-11T19:07:38.913+0000] {logging_mixin.py:188} INFO - [2026-03-11T19:07:38.913+0000] {dag.py:3036} INFO - Sync 1 DAGs
[2026-03-11T19:07:39.022+0000] {logging_mixin.py:188} INFO - [2026-03-11T19:07:39.021+0000] {dag.py:3823} INFO - Setting next_dagrun for example_herbarium_dag to 2026-03-11 00:00:00+00:00, run_after=2026-03-12 00:00:00+00:00
[2026-03-11T19:07:39.129+0000] {processor.py:183} INFO - Processing /opt/airflow/dags/example_dag.py took 0.755 seconds
[2026-03-11T19:08:09.503+0000] {processor.py:161} INFO - Started process (PID=317) to work on /opt/airflow/dags/example_dag.py
[2026-03-11T19:08:09.506+0000] {processor.py:830} INFO - Processing file /opt/airflow/dags/example_dag.py for tasks to queue
[2026-03-11T19:08:09.509+0000] {logging_mixin.py:188} INFO - [2026-03-11T19:08:09.508+0000] {dagbag.py:538} INFO - Filling up the DagBag from /opt/airflow/dags/example_dag.py
[2026-03-11T19:08:09.545+0000] {processor.py:840} INFO - DAG(s) 'example_herbarium_dag' retrieved from /opt/airflow/dags/example_dag.py
[2026-03-11T19:08:09.784+0000] {logging_mixin.py:188} INFO - [2026-03-11T19:08:09.783+0000] {dag.py:3036} INFO - Sync 1 DAGs
[2026-03-11T19:08:09.855+0000] {logging_mixin.py:188} INFO - [2026-03-11T19:08:09.855+0000] {dag.py:3823} INFO - Setting next_dagrun for example_herbarium_dag to 2026-03-11 00:00:00+00:00, run_after=2026-03-12 00:00:00+00:00
[2026-03-11T19:08:09.931+0000] {processor.py:183} INFO - Processing /opt/airflow/dags/example_dag.py took 0.434 seconds
[2026-03-11T19:08:40.230+0000] {processor.py:161} INFO - Started process (PID=322) to work on /opt/airflow/dags/example_dag.py
[2026-03-11T19:08:40.232+0000] {processor.py:830} INFO - Processing file /opt/airflow/dags/example_dag.py for tasks to queue
[2026-03-11T19:08:40.234+0000] {logging_mixin.py:188} INFO - [2026-03-11T19:08:40.234+0000] {dagbag.py:538} INFO - Filling up the DagBag from /opt/airflow/dags/example_dag.py
[2026-03-11T19:08:40.275+0000] {processor.py:840} INFO - DAG(s) 'example_herbarium_dag' retrieved from /opt/airflow/dags/example_dag.py
[2026-03-11T19:08:40.523+0000] {logging_mixin.py:188} INFO - [2026-03-11T19:08:40.522+0000] {dag.py:3036} INFO - Sync 1 DAGs
[2026-03-11T19:08:40.590+0000] {logging_mixin.py:188} INFO - [2026-03-11T19:08:40.589+0000] {dag.py:3823} INFO - Setting next_dagrun for example_herbarium_dag to 2026-03-11 00:00:00+00:00, run_after=2026-03-12 00:00:00+00:00
[2026-03-11T19:08:40.657+0000] {processor.py:183} INFO - Processing /opt/airflow/dags/example_dag.py took 0.432 seconds
[2026-03-11T19:09:10.984+0000] {processor.py:161} INFO - Started process (PID=327) to work on /opt/airflow/dags/example_dag.py
[2026-03-11T19:09:10.985+0000] {processor.py:830} INFO - Processing file /opt/airflow/dags/example_dag.py for tasks to queue
[2026-03-11T19:09:10.987+0000] {logging_mixin.py:188} INFO - [2026-03-11T19:09:10.986+0000] {dagbag.py:538} INFO - Filling up the DagBag from /opt/airflow/dags/example_dag.py
[2026-03-11T19:09:11.022+0000] {processor.py:840} INFO - DAG(s) 'example_herbarium_dag' retrieved from /opt/airflow/dags/example_dag.py
[2026-03-11T19:09:11.211+0000] {logging_mixin.py:188} INFO - [2026-03-11T19:09:11.211+0000] {dag.py:3036} INFO - Sync 1 DAGs
[2026-03-11T19:09:11.255+0000] {logging_mixin.py:188} INFO - [2026-03-11T19:09:11.255+0000] {dag.py:3823} INFO - Setting next_dagrun for example_herbarium_dag to 2026-03-11 00:00:00+00:00, run_after=2026-03-12 00:00:00+00:00
[2026-03-11T19:09:11.309+0000] {processor.py:183} INFO - Processing /opt/airflow/dags/example_dag.py took 0.331 seconds
[2026-03-11T19:09:41.607+0000] {processor.py:161} INFO - Started process (PID=332) to work on /opt/airflow/dags/example_dag.py
[2026-03-11T19:09:41.610+0000] {processor.py:830} INFO - Processing file /opt/airflow/dags/example_dag.py for tasks to queue
[2026-03-11T19:09:41.611+0000] {logging_mixin.py:188} INFO - [2026-03-11T19:09:41.611+0000] {dagbag.py:538} INFO - Filling up the DagBag from /opt/airflow/dags/example_dag.py
[2026-03-11T19:09:41.647+0000] {processor.py:840} INFO - DAG(s) 'example_herbarium_dag' retrieved from /opt/airflow/dags/example_dag.py
[2026-03-11T19:09:41.844+0000] {logging_mixin.py:188} INFO - [2026-03-11T19:09:41.844+0000] {dag.py:3036} INFO - Sync 1 DAGs
[2026-03-11T19:09:41.899+0000] {logging_mixin.py:188} INFO - [2026-03-11T19:09:41.898+0000] {dag.py:3823} INFO - Setting next_dagrun for example_herbarium_dag to 2026-03-11 00:00:00+00:00, run_after=2026-03-12 00:00:00+00:00
[2026-03-11T19:09:41.962+0000] {processor.py:183} INFO - Processing /opt/airflow/dags/example_dag.py took 0.359 seconds
[2026-03-11T19:10:12.250+0000] {processor.py:161} INFO - Started process (PID=337) to work on /opt/airflow/dags/example_dag.py
[2026-03-11T19:10:12.252+0000] {processor.py:830} INFO - Processing file /opt/airflow/dags/example_dag.py for tasks to queue
[2026-03-11T19:10:12.253+0000] {logging_mixin.py:188} INFO - [2026-03-11T19:10:12.253+0000] {dagbag.py:538} INFO - Filling up the DagBag from /opt/airflow/dags/example_dag.py
[2026-03-11T19:10:12.284+0000] {processor.py:840} INFO - DAG(s) 'example_herbarium_dag' retrieved from /opt/airflow/dags/example_dag.py
[2026-03-11T19:10:12.444+0000] {logging_mixin.py:188} INFO - [2026-03-11T19:10:12.443+0000] {dag.py:3036} INFO - Sync 1 DAGs
[2026-03-11T19:10:12.486+0000] {logging_mixin.py:188} INFO - [2026-03-11T19:10:12.486+0000] {dag.py:3823} INFO - Setting next_dagrun for example_herbarium_dag to 2026-03-11 00:00:00+00:00, run_after=2026-03-12 00:00:00+00:00
[2026-03-11T19:10:12.539+0000] {processor.py:183} INFO - Processing /opt/airflow/dags/example_dag.py took 0.293 seconds
[2026-03-11T19:10:42.869+0000] {processor.py:161} INFO - Started process (PID=342) to work on /opt/airflow/dags/example_dag.py
[2026-03-11T19:10:42.872+0000] {processor.py:830} INFO - Processing file /opt/airflow/dags/example_dag.py for tasks to queue
[2026-03-11T19:10:42.875+0000] {logging_mixin.py:188} INFO - [2026-03-11T19:10:42.875+0000] {dagbag.py:538} INFO - Filling up the DagBag from /opt/airflow/dags/example_dag.py
[2026-03-11T19:10:42.943+0000] {processor.py:840} INFO - DAG(s) 'example_herbarium_dag' retrieved from /opt/airflow/dags/example_dag.py
[2026-03-11T19:10:43.251+0000] {logging_mixin.py:188} INFO - [2026-03-11T19:10:43.250+0000] {dag.py:3036} INFO - Sync 1 DAGs
[2026-03-11T19:10:43.321+0000] {logging_mixin.py:188} INFO - [2026-03-11T19:10:43.320+0000] {dag.py:3823} INFO - Setting next_dagrun for example_herbarium_dag to 2026-03-11 00:00:00+00:00, run_after=2026-03-12 00:00:00+00:00
[2026-03-11T19:10:43.399+0000] {processor.py:183} INFO - Processing /opt/airflow/dags/example_dag.py took 0.538 seconds
[2026-03-11T19:11:13.774+0000] {processor.py:161} INFO - Started process (PID=347) to work on /opt/airflow/dags/example_dag.py
[2026-03-11T19:11:13.777+0000] {processor.py:830} INFO - Processing file /opt/airflow/dags/example_dag.py for tasks to queue
[2026-03-11T19:11:13.780+0000] {logging_mixin.py:188} INFO - [2026-03-11T19:11:13.779+0000] {dagbag.py:538} INFO - Filling up the DagBag from /opt/airflow/dags/example_dag.py
[2026-03-11T19:11:13.827+0000] {processor.py:840} INFO - DAG(s) 'example_herbarium_dag' retrieved from /opt/airflow/dags/example_dag.py
[2026-03-11T19:11:14.009+0000] {logging_mixin.py:188} INFO - [2026-03-11T19:11:14.008+0000] {dag.py:3036} INFO - Sync 1 DAGs
[2026-03-11T19:11:14.058+0000] {logging_mixin.py:188} INFO - [2026-03-11T19:11:14.058+0000] {dag.py:3823} INFO - Setting next_dagrun for example_herbarium_dag to 2026-03-11 00:00:00+00:00, run_after=2026-03-12 00:00:00+00:00
[2026-03-11T19:11:14.125+0000] {processor.py:183} INFO - Processing /opt/airflow/dags/example_dag.py took 0.356 seconds
[2026-03-11T19:11:44.415+0000] {processor.py:161} INFO - Started process (PID=352) to work on /opt/airflow/dags/example_dag.py
[2026-03-11T19:11:44.417+0000] {processor.py:830} INFO - Processing file /opt/airflow/dags/example_dag.py for tasks to queue
[2026-03-11T19:11:44.419+0000] {logging_mixin.py:188} INFO - [2026-03-11T19:11:44.418+0000] {dagbag.py:538} INFO - Filling up the DagBag from /opt/airflow/dags/example_dag.py
[2026-03-11T19:11:44.453+0000] {processor.py:840} INFO - DAG(s) 'example_herbarium_dag' retrieved from /opt/airflow/dags/example_dag.py
[2026-03-11T19:11:44.614+0000] {logging_mixin.py:188} INFO - [2026-03-11T19:11:44.614+0000] {dag.py:3036} INFO - Sync 1 DAGs
[2026-03-11T19:11:44.665+0000] {logging_mixin.py:188} INFO - [2026-03-11T19:11:44.664+0000] {dag.py:3823} INFO - Setting next_dagrun for example_herbarium_dag to 2026-03-11 00:00:00+00:00, run_after=2026-03-12 00:00:00+00:00
[2026-03-11T19:11:44.723+0000] {processor.py:183} INFO - Processing /opt/airflow/dags/example_dag.py took 0.312 seconds
[2026-03-11T19:12:14.982+0000] {processor.py:161} INFO - Started process (PID=357) to work on /opt/airflow/dags/example_dag.py
[2026-03-11T19:12:14.984+0000] {processor.py:830} INFO - Processing file /opt/airflow/dags/example_dag.py for tasks to queue
[2026-03-11T19:12:14.985+0000] {logging_mixin.py:188} INFO - [2026-03-11T19:12:14.985+0000] {dagbag.py:538} INFO - Filling up the DagBag from /opt/airflow/dags/example_dag.py
[2026-03-11T19:12:15.015+0000] {processor.py:840} INFO - DAG(s) 'example_herbarium_dag' retrieved from /opt/airflow/dags/example_dag.py
[2026-03-11T19:12:15.170+0000] {logging_mixin.py:188} INFO - [2026-03-11T19:12:15.170+0000] {dag.py:3036} INFO - Sync 1 DAGs
[2026-03-11T19:12:15.208+0000] {logging_mixin.py:188} INFO - [2026-03-11T19:12:15.208+0000] {dag.py:3823} INFO - Setting next_dagrun for example_herbarium_dag to 2026-03-11 00:00:00+00:00, run_after=2026-03-12 00:00:00+00:00
[2026-03-11T19:12:15.264+0000] {processor.py:183} INFO - Processing /opt/airflow/dags/example_dag.py took 0.287 seconds
[2026-03-11T19:12:45.584+0000] {processor.py:161} INFO - Started process (PID=362) to work on /opt/airflow/dags/example_dag.py
[2026-03-11T19:12:45.585+0000] {processor.py:830} INFO - Processing file /opt/airflow/dags/example_dag.py for tasks to queue
[2026-03-11T19:12:45.587+0000] {logging_mixin.py:188} INFO - [2026-03-11T19:12:45.586+0000] {dagbag.py:538} INFO - Filling up the DagBag from /opt/airflow/dags/example_dag.py
[2026-03-11T19:12:45.626+0000] {processor.py:840} INFO - DAG(s) 'example_herbarium_dag' retrieved from /opt/airflow/dags/example_dag.py
[2026-03-11T19:12:45.828+0000] {logging_mixin.py:188} INFO - [2026-03-11T19:12:45.827+0000] {dag.py:3036} INFO - Sync 1 DAGs
[2026-03-11T19:12:45.868+0000] {logging_mixin.py:188} INFO - [2026-03-11T19:12:45.868+0000] {dag.py:3823} INFO - Setting next_dagrun for example_herbarium_dag to 2026-03-11 00:00:00+00:00, run_after=2026-03-12 00:00:00+00:00
[2026-03-11T19:12:45.918+0000] {processor.py:183} INFO - Processing /opt/airflow/dags/example_dag.py took 0.339 seconds
[2026-03-11T19:13:16.264+0000] {processor.py:161} INFO - Started process (PID=367) to work on /opt/airflow/dags/example_dag.py
[2026-03-11T19:13:16.267+0000] {processor.py:830} INFO - Processing file /opt/airflow/dags/example_dag.py for tasks to queue
[2026-03-11T19:13:16.269+0000] {logging_mixin.py:188} INFO - [2026-03-11T19:13:16.269+0000] {dagbag.py:538} INFO - Filling up the DagBag from /opt/airflow/dags/example_dag.py
[2026-03-11T19:13:16.316+0000] {processor.py:840} INFO - DAG(s) 'example_herbarium_dag' retrieved from /opt/airflow/dags/example_dag.py
[2026-03-11T19:13:16.543+0000] {logging_mixin.py:188} INFO - [2026-03-11T19:13:16.543+0000] {dag.py:3036} INFO - Sync 1 DAGs
[2026-03-11T19:13:16.621+0000] {logging_mixin.py:188} INFO - [2026-03-11T19:13:16.621+0000] {dag.py:3823} INFO - Setting next_dagrun for example_herbarium_dag to 2026-03-11 00:00:00+00:00, run_after=2026-03-12 00:00:00+00:00
[2026-03-11T19:13:16.702+0000] {processor.py:183} INFO - Processing /opt/airflow/dags/example_dag.py took 0.443 seconds
[2026-03-11T19:13:47.206+0000] {processor.py:161} INFO - Started process (PID=372) to work on /opt/airflow/dags/example_dag.py
[2026-03-11T19:13:47.210+0000] {processor.py:830} INFO - Processing file /opt/airflow/dags/example_dag.py for tasks to queue
[2026-03-11T19:13:47.213+0000] {logging_mixin.py:188} INFO - [2026-03-11T19:13:47.212+0000] {dagbag.py:538} INFO - Filling up the DagBag from /opt/airflow/dags/example_dag.py
[2026-03-11T19:13:47.326+0000] {processor.py:840} INFO - DAG(s) 'example_herbarium_dag' retrieved from /opt/airflow/dags/example_dag.py
[2026-03-11T19:13:47.824+0000] {logging_mixin.py:188} INFO - [2026-03-11T19:13:47.824+0000] {dag.py:3036} INFO - Sync 1 DAGs
[2026-03-11T19:13:47.899+0000] {logging_mixin.py:188} INFO - [2026-03-11T19:13:47.898+0000] {dag.py:3823} INFO - Setting next_dagrun for example_herbarium_dag to 2026-03-11 00:00:00+00:00, run_after=2026-03-12 00:00:00+00:00
[2026-03-11T19:13:47.962+0000] {processor.py:183} INFO - Processing /opt/airflow/dags/example_dag.py took 0.764 seconds
[2026-03-11T19:14:18.500+0000] {processor.py:161} INFO - Started process (PID=377) to work on /opt/airflow/dags/example_dag.py
[2026-03-11T19:14:18.504+0000] {processor.py:830} INFO - Processing file /opt/airflow/dags/example_dag.py for tasks to queue
[2026-03-11T19:14:18.507+0000] {logging_mixin.py:188} INFO - [2026-03-11T19:14:18.506+0000] {dagbag.py:538} INFO - Filling up the DagBag from /opt/airflow/dags/example_dag.py
[2026-03-11T19:14:18.664+0000] {processor.py:840} INFO - DAG(s) 'example_herbarium_dag' retrieved from /opt/airflow/dags/example_dag.py
[2026-03-11T19:14:18.933+0000] {logging_mixin.py:188} INFO - [2026-03-11T19:14:18.933+0000] {dag.py:3036} INFO - Sync 1 DAGs
[2026-03-11T19:14:18.990+0000] {logging_mixin.py:188} INFO - [2026-03-11T19:14:18.990+0000] {dag.py:3823} INFO - Setting next_dagrun for example_herbarium_dag to 2026-03-11 00:00:00+00:00, run_after=2026-03-12 00:00:00+00:00
[2026-03-11T19:14:19.049+0000] {processor.py:183} INFO - Processing /opt/airflow/dags/example_dag.py took 0.557 seconds
[2026-03-11T19:14:49.329+0000] {processor.py:161} INFO - Started process (PID=382) to work on /opt/airflow/dags/example_dag.py
[2026-03-11T19:14:49.332+0000] {processor.py:830} INFO - Processing file /opt/airflow/dags/example_dag.py for tasks to queue
[2026-03-11T19:14:49.336+0000] {logging_mixin.py:188} INFO - [2026-03-11T19:14:49.335+0000] {dagbag.py:538} INFO - Filling up the DagBag from /opt/airflow/dags/example_dag.py
[2026-03-11T19:14:49.419+0000] {processor.py:840} INFO - DAG(s) 'example_herbarium_dag' retrieved from /opt/airflow/dags/example_dag.py
[2026-03-11T19:14:49.651+0000] {logging_mixin.py:188} INFO - [2026-03-11T19:14:49.651+0000] {dag.py:3036} INFO - Sync 1 DAGs
[2026-03-11T19:14:49.703+0000] {logging_mixin.py:188} INFO - [2026-03-11T19:14:49.702+0000] {dag.py:3823} INFO - Setting next_dagrun for example_herbarium_dag to 2026-03-11 00:00:00+00:00, run_after=2026-03-12 00:00:00+00:00
[2026-03-11T19:14:49.760+0000] {processor.py:183} INFO - Processing /opt/airflow/dags/example_dag.py took 0.439 seconds
[2026-03-11T19:15:19.889+0000] {processor.py:161} INFO - Started process (PID=387) to work on /opt/airflow/dags/example_dag.py
[2026-03-11T19:15:19.891+0000] {processor.py:830} INFO - Processing file /opt/airflow/dags/example_dag.py for tasks to queue
[2026-03-11T19:15:19.892+0000] {logging_mixin.py:188} INFO - [2026-03-11T19:15:19.892+0000] {dagbag.py:538} INFO - Filling up the DagBag from /opt/airflow/dags/example_dag.py
[2026-03-11T19:15:19.922+0000] {processor.py:840} INFO - DAG(s) 'example_herbarium_dag' retrieved from /opt/airflow/dags/example_dag.py
[2026-03-11T19:15:20.096+0000] {logging_mixin.py:188} INFO - [2026-03-11T19:15:20.095+0000] {dag.py:3036} INFO - Sync 1 DAGs
[2026-03-11T19:15:20.137+0000] {logging_mixin.py:188} INFO - [2026-03-11T19:15:20.136+0000] {dag.py:3823} INFO - Setting next_dagrun for example_herbarium_dag to 2026-03-11 00:00:00+00:00, run_after=2026-03-12 00:00:00+00:00
[2026-03-11T19:15:20.175+0000] {processor.py:183} INFO - Processing /opt/airflow/dags/example_dag.py took 0.290 seconds
[2026-03-11T19:15:50.665+0000] {processor.py:161} INFO - Started process (PID=392) to work on /opt/airflow/dags/example_dag.py
[2026-03-11T19:15:50.668+0000] {processor.py:830} INFO - Processing file /opt/airflow/dags/example_dag.py for tasks to queue
[2026-03-11T19:15:50.670+0000] {logging_mixin.py:188} INFO - [2026-03-11T19:15:50.670+0000] {dagbag.py:538} INFO - Filling up the DagBag from /opt/airflow/dags/example_dag.py
[2026-03-11T19:15:50.742+0000] {processor.py:840} INFO - DAG(s) 'example_herbarium_dag' retrieved from /opt/airflow/dags/example_dag.py
[2026-03-11T19:15:51.250+0000] {logging_mixin.py:188} INFO - [2026-03-11T19:15:51.250+0000] {dag.py:3036} INFO - Sync 1 DAGs
[2026-03-11T19:15:51.304+0000] {logging_mixin.py:188} INFO - [2026-03-11T19:15:51.304+0000] {dag.py:3823} INFO - Setting next_dagrun for example_herbarium_dag to 2026-03-11 00:00:00+00:00, run_after=2026-03-12 00:00:00+00:00
[2026-03-11T19:15:51.408+0000] {processor.py:183} INFO - Processing /opt/airflow/dags/example_dag.py took 0.748 seconds
[2026-03-11T19:16:21.832+0000] {processor.py:161} INFO - Started process (PID=397) to work on /opt/airflow/dags/example_dag.py
[2026-03-11T19:16:21.833+0000] {processor.py:830} INFO - Processing file /opt/airflow/dags/example_dag.py for tasks to queue
[2026-03-11T19:16:21.834+0000] {logging_mixin.py:188} INFO - [2026-03-11T19:16:21.834+0000] {dagbag.py:538} INFO - Filling up the DagBag from /opt/airflow/dags/example_dag.py
[2026-03-11T19:16:21.976+0000] {processor.py:840} INFO - DAG(s) 'example_herbarium_dag' retrieved from /opt/airflow/dags/example_dag.py
[2026-03-11T19:16:22.275+0000] {logging_mixin.py:188} INFO - [2026-03-11T19:16:22.275+0000] {dag.py:3036} INFO - Sync 1 DAGs
[2026-03-11T19:16:22.346+0000] {logging_mixin.py:188} INFO - [2026-03-11T19:16:22.346+0000] {dag.py:3823} INFO - Setting next_dagrun for example_herbarium_dag to 2026-03-11 00:00:00+00:00, run_after=2026-03-12 00:00:00+00:00
[2026-03-11T19:16:22.420+0000] {processor.py:183} INFO - Processing /opt/airflow/dags/example_dag.py took 0.592 seconds
[2026-03-11T19:16:52.863+0000] {processor.py:161} INFO - Started process (PID=402) to work on /opt/airflow/dags/example_dag.py
[2026-03-11T19:16:52.866+0000] {processor.py:830} INFO - Processing file /opt/airflow/dags/example_dag.py for tasks to queue
[2026-03-11T19:16:52.868+0000] {logging_mixin.py:188} INFO - [2026-03-11T19:16:52.868+0000] {dagbag.py:538} INFO - Filling up the DagBag from /opt/airflow/dags/example_dag.py
[2026-03-11T19:16:52.928+0000] {processor.py:840} INFO - DAG(s) 'example_herbarium_dag' retrieved from /opt/airflow/dags/example_dag.py
[2026-03-11T19:16:53.281+0000] {logging_mixin.py:188} INFO - [2026-03-11T19:16:53.281+0000] {dag.py:3036} INFO - Sync 1 DAGs
[2026-03-11T19:16:53.329+0000] {logging_mixin.py:188} INFO - [2026-03-11T19:16:53.329+0000] {dag.py:3823} INFO - Setting next_dagrun for example_herbarium_dag to 2026-03-11 00:00:00+00:00, run_after=2026-03-12 00:00:00+00:00
[2026-03-11T19:16:53.397+0000] {processor.py:183} INFO - Processing /opt/airflow/dags/example_dag.py took 0.541 seconds
[2026-03-11T19:17:23.581+0000] {processor.py:161} INFO - Started process (PID=407) to work on /opt/airflow/dags/example_dag.py
[2026-03-11T19:17:23.582+0000] {processor.py:830} INFO - Processing file /opt/airflow/dags/example_dag.py for tasks to queue
[2026-03-11T19:17:23.584+0000] {logging_mixin.py:188} INFO - [2026-03-11T19:17:23.583+0000] {dagbag.py:538} INFO - Filling up the DagBag from /opt/airflow/dags/example_dag.py
[2026-03-11T19:17:23.617+0000] {processor.py:840} INFO - DAG(s) 'example_herbarium_dag' retrieved from /opt/airflow/dags/example_dag.py
[2026-03-11T19:17:23.789+0000] {logging_mixin.py:188} INFO - [2026-03-11T19:17:23.788+0000] {dag.py:3036} INFO - Sync 1 DAGs
[2026-03-11T19:17:23.834+0000] {logging_mixin.py:188} INFO - [2026-03-11T19:17:23.833+0000] {dag.py:3823} INFO - Setting next_dagrun for example_herbarium_dag to 2026-03-11 00:00:00+00:00, run_after=2026-03-12 00:00:00+00:00
[2026-03-11T19:17:23.879+0000] {processor.py:183} INFO - Processing /opt/airflow/dags/example_dag.py took 0.303 seconds
[2026-03-11T19:17:54.117+0000] {processor.py:161} INFO - Started process (PID=412) to work on /opt/airflow/dags/example_dag.py
[2026-03-11T19:17:54.118+0000] {processor.py:830} INFO - Processing file /opt/airflow/dags/example_dag.py for tasks to queue
[2026-03-11T19:17:54.120+0000] {logging_mixin.py:188} INFO - [2026-03-11T19:17:54.120+0000] {dagbag.py:538} INFO - Filling up the DagBag from /opt/airflow/dags/example_dag.py
[2026-03-11T19:17:54.150+0000] {processor.py:840} INFO - DAG(s) 'example_herbarium_dag' retrieved from /opt/airflow/dags/example_dag.py
[2026-03-11T19:17:54.514+0000] {logging_mixin.py:188} INFO - [2026-03-11T19:17:54.514+0000] {dag.py:3036} INFO - Sync 1 DAGs
[2026-03-11T19:17:54.557+0000] {logging_mixin.py:188} INFO - [2026-03-11T19:17:54.557+0000] {dag.py:3823} INFO - Setting next_dagrun for example_herbarium_dag to 2026-03-11 00:00:00+00:00, run_after=2026-03-12 00:00:00+00:00
[2026-03-11T19:17:54.615+0000] {processor.py:183} INFO - Processing /opt/airflow/dags/example_dag.py took 0.502 seconds
[2026-03-11T19:18:25.029+0000] {processor.py:161} INFO - Started process (PID=417) to work on /opt/airflow/dags/example_dag.py
[2026-03-11T19:18:25.032+0000] {processor.py:830} INFO - Processing file /opt/airflow/dags/example_dag.py for tasks to queue
[2026-03-11T19:18:25.034+0000] {logging_mixin.py:188} INFO - [2026-03-11T19:18:25.033+0000] {dagbag.py:538} INFO - Filling up the DagBag from /opt/airflow/dags/example_dag.py
[2026-03-11T19:18:25.067+0000] {processor.py:840} INFO - DAG(s) 'example_herbarium_dag' retrieved from /opt/airflow/dags/example_dag.py
[2026-03-11T19:18:25.430+0000] {logging_mixin.py:188} INFO - [2026-03-11T19:18:25.429+0000] {dag.py:3036} INFO - Sync 1 DAGs
[2026-03-11T19:18:25.504+0000] {logging_mixin.py:188} INFO - [2026-03-11T19:18:25.503+0000] {dag.py:3823} INFO - Setting next_dagrun for example_herbarium_dag to 2026-03-11 00:00:00+00:00, run_after=2026-03-12 00:00:00+00:00
[2026-03-11T19:18:25.585+0000] {processor.py:183} INFO - Processing /opt/airflow/dags/example_dag.py took 0.563 seconds
[2026-03-11T19:18:56.017+0000] {processor.py:161} INFO - Started process (PID=422) to work on /opt/airflow/dags/example_dag.py
[2026-03-11T19:18:56.021+0000] {processor.py:830} INFO - Processing file /opt/airflow/dags/example_dag.py for tasks to queue
[2026-03-11T19:18:56.024+0000] {logging_mixin.py:188} INFO - [2026-03-11T19:18:56.023+0000] {dagbag.py:538} INFO - Filling up the DagBag from /opt/airflow/dags/example_dag.py
[2026-03-11T19:18:56.089+0000] {processor.py:840} INFO - DAG(s) 'example_herbarium_dag' retrieved from /opt/airflow/dags/example_dag.py
[2026-03-11T19:18:56.464+0000] {logging_mixin.py:188} INFO - [2026-03-11T19:18:56.464+0000] {dag.py:3036} INFO - Sync 1 DAGs
[2026-03-11T19:18:56.525+0000] {logging_mixin.py:188} INFO - [2026-03-11T19:18:56.524+0000] {dag.py:3823} INFO - Setting next_dagrun for example_herbarium_dag to 2026-03-11 00:00:00+00:00, run_after=2026-03-12 00:00:00+00:00
[2026-03-11T19:18:56.610+0000] {processor.py:183} INFO - Processing /opt/airflow/dags/example_dag.py took 0.601 seconds
[2026-03-11T19:19:26.996+0000] {processor.py:161} INFO - Started process (PID=427) to work on /opt/airflow/dags/example_dag.py
[2026-03-11T19:19:26.998+0000] {processor.py:830} INFO - Processing file /opt/airflow/dags/example_dag.py for tasks to queue
[2026-03-11T19:19:27.000+0000] {logging_mixin.py:188} INFO - [2026-03-11T19:19:27.000+0000] {dagbag.py:538} INFO - Filling up the DagBag from /opt/airflow/dags/example_dag.py
[2026-03-11T19:19:27.049+0000] {processor.py:840} INFO - DAG(s) 'example_herbarium_dag' retrieved from /opt/airflow/dags/example_dag.py
[2026-03-11T19:19:27.204+0000] {logging_mixin.py:188} INFO - [2026-03-11T19:19:27.204+0000] {dag.py:3036} INFO - Sync 1 DAGs
[2026-03-11T19:19:27.254+0000] {logging_mixin.py:188} INFO - [2026-03-11T19:19:27.254+0000] {dag.py:3823} INFO - Setting next_dagrun for example_herbarium_dag to 2026-03-11 00:00:00+00:00, run_after=2026-03-12 00:00:00+00:00
[2026-03-11T19:19:27.335+0000] {processor.py:183} INFO - Processing /opt/airflow/dags/example_dag.py took 0.345 seconds
[2026-03-11T19:19:57.733+0000] {processor.py:161} INFO - Started process (PID=432) to work on /opt/airflow/dags/example_dag.py
[2026-03-11T19:19:57.735+0000] {processor.py:830} INFO - Processing file /opt/airflow/dags/example_dag.py for tasks to queue
[2026-03-11T19:19:57.738+0000] {logging_mixin.py:188} INFO - [2026-03-11T19:19:57.737+0000] {dagbag.py:538} INFO - Filling up the DagBag from /opt/airflow/dags/example_dag.py
[2026-03-11T19:19:57.803+0000] {processor.py:840} INFO - DAG(s) 'example_herbarium_dag' retrieved from /opt/airflow/dags/example_dag.py
[2026-03-11T19:19:58.185+0000] {logging_mixin.py:188} INFO - [2026-03-11T19:19:58.184+0000] {dag.py:3036} INFO - Sync 1 DAGs
[2026-03-11T19:19:58.253+0000] {logging_mixin.py:188} INFO - [2026-03-11T19:19:58.253+0000] {dag.py:3823} INFO - Setting next_dagrun for example_herbarium_dag to 2026-03-11 00:00:00+00:00, run_after=2026-03-12 00:00:00+00:00
[2026-03-11T19:19:58.322+0000] {processor.py:183} INFO - Processing /opt/airflow/dags/example_dag.py took 0.596 seconds
[2026-03-11T19:20:28.799+0000] {processor.py:161} INFO - Started process (PID=437) to work on /opt/airflow/dags/example_dag.py
[2026-03-11T19:20:28.801+0000] {processor.py:830} INFO - Processing file /opt/airflow/dags/example_dag.py for tasks to queue
[2026-03-11T19:20:28.803+0000] {logging_mixin.py:188} INFO - [2026-03-11T19:20:28.802+0000] {dagbag.py:538} INFO - Filling up the DagBag from /opt/airflow/dags/example_dag.py
[2026-03-11T19:20:28.840+0000] {processor.py:840} INFO - DAG(s) 'example_herbarium_dag' retrieved from /opt/airflow/dags/example_dag.py
[2026-03-11T19:20:29.020+0000] {logging_mixin.py:188} INFO - [2026-03-11T19:20:29.020+0000] {dag.py:3036} INFO - Sync 1 DAGs
[2026-03-11T19:20:29.075+0000] {logging_mixin.py:188} INFO - [2026-03-11T19:20:29.075+0000] {dag.py:3823} INFO - Setting next_dagrun for example_herbarium_dag to 2026-03-11 00:00:00+00:00, run_after=2026-03-12 00:00:00+00:00
[2026-03-11T19:20:29.139+0000] {processor.py:183} INFO - Processing /opt/airflow/dags/example_dag.py took 0.346 seconds
[2026-03-11T19:20:59.605+0000] {processor.py:161} INFO - Started process (PID=442) to work on /opt/airflow/dags/example_dag.py
[2026-03-11T19:20:59.608+0000] {processor.py:830} INFO - Processing file /opt/airflow/dags/example_dag.py for tasks to queue
[2026-03-11T19:20:59.610+0000] {logging_mixin.py:188} INFO - [2026-03-11T19:20:59.609+0000] {dagbag.py:538} INFO - Filling up the DagBag from /opt/airflow/dags/example_dag.py
[2026-03-11T19:20:59.668+0000] {processor.py:840} INFO - DAG(s) 'example_herbarium_dag' retrieved from /opt/airflow/dags/example_dag.py
[2026-03-11T19:20:59.897+0000] {logging_mixin.py:188} INFO - [2026-03-11T19:20:59.896+0000] {dag.py:3036} INFO - Sync 1 DAGs
[2026-03-11T19:20:59.965+0000] {logging_mixin.py:188} INFO - [2026-03-11T19:20:59.964+0000] {dag.py:3823} INFO - Setting next_dagrun for example_herbarium_dag to 2026-03-11 00:00:00+00:00, run_after=2026-03-12 00:00:00+00:00
[2026-03-11T19:21:00.051+0000] {processor.py:183} INFO - Processing /opt/airflow/dags/example_dag.py took 0.452 seconds
[2026-03-11T19:21:30.404+0000] {processor.py:161} INFO - Started process (PID=447) to work on /opt/airflow/dags/example_dag.py
[2026-03-11T19:21:30.405+0000] {processor.py:830} INFO - Processing file /opt/airflow/dags/example_dag.py for tasks to queue
[2026-03-11T19:21:30.407+0000] {logging_mixin.py:188} INFO - [2026-03-11T19:21:30.406+0000] {dagbag.py:538} INFO - Filling up the DagBag from /opt/airflow/dags/example_dag.py
[2026-03-11T19:21:30.446+0000] {processor.py:840} INFO - DAG(s) 'example_herbarium_dag' retrieved from /opt/airflow/dags/example_dag.py
[2026-03-11T19:21:30.686+0000] {logging_mixin.py:188} INFO - [2026-03-11T19:21:30.686+0000] {dag.py:3036} INFO - Sync 1 DAGs
[2026-03-11T19:21:30.732+0000] {logging_mixin.py:188} INFO - [2026-03-11T19:21:30.732+0000] {dag.py:3823} INFO - Setting next_dagrun for example_herbarium_dag to 2026-03-11 00:00:00+00:00, run_after=2026-03-12 00:00:00+00:00
[2026-03-11T19:21:30.815+0000] {processor.py:183} INFO - Processing /opt/airflow/dags/example_dag.py took 0.415 seconds
[2026-03-11T19:22:01.206+0000] {processor.py:161} INFO - Started process (PID=452) to work on /opt/airflow/dags/example_dag.py
[2026-03-11T19:22:01.209+0000] {processor.py:830} INFO - Processing file /opt/airflow/dags/example_dag.py for tasks to queue
[2026-03-11T19:22:01.211+0000] {logging_mixin.py:188} INFO - [2026-03-11T19:22:01.210+0000] {dagbag.py:538} INFO - Filling up the DagBag from /opt/airflow/dags/example_dag.py
[2026-03-11T19:22:01.295+0000] {processor.py:840} INFO - DAG(s) 'example_herbarium_dag' retrieved from /opt/airflow/dags/example_dag.py
[2026-03-11T19:22:01.608+0000] {logging_mixin.py:188} INFO - [2026-03-11T19:22:01.607+0000] {dag.py:3036} INFO - Sync 1 DAGs
[2026-03-11T19:22:01.653+0000] {logging_mixin.py:188} INFO - [2026-03-11T19:22:01.652+0000] {dag.py:3823} INFO - Setting next_dagrun for example_herbarium_dag to 2026-03-11 00:00:00+00:00, run_after=2026-03-12 00:00:00+00:00
[2026-03-11T19:22:01.713+0000] {processor.py:183} INFO - Processing /opt/airflow/dags/example_dag.py took 0.513 seconds
[2026-03-11T19:22:32.205+0000] {processor.py:161} INFO - Started process (PID=457) to work on /opt/airflow/dags/example_dag.py
[2026-03-11T19:22:32.207+0000] {processor.py:830} INFO - Processing file /opt/airflow/dags/example_dag.py for tasks to queue
[2026-03-11T19:22:32.209+0000] {logging_mixin.py:188} INFO - [2026-03-11T19:22:32.209+0000] {dagbag.py:538} INFO - Filling up the DagBag from /opt/airflow/dags/example_dag.py
[2026-03-11T19:22:32.267+0000] {processor.py:840} INFO - DAG(s) 'example_herbarium_dag' retrieved from /opt/airflow/dags/example_dag.py
[2026-03-11T19:22:32.937+0000] {logging_mixin.py:188} INFO - [2026-03-11T19:22:32.937+0000] {dag.py:3036} INFO - Sync 1 DAGs
[2026-03-11T19:22:33.001+0000] {logging_mixin.py:188} INFO - [2026-03-11T19:22:33.001+0000] {dag.py:3823} INFO - Setting next_dagrun for example_herbarium_dag to 2026-03-11 00:00:00+00:00, run_after=2026-03-12 00:00:00+00:00
[2026-03-11T19:22:33.069+0000] {processor.py:183} INFO - Processing /opt/airflow/dags/example_dag.py took 0.871 seconds
[2026-03-11T19:23:03.473+0000] {processor.py:161} INFO - Started process (PID=462) to work on /opt/airflow/dags/example_dag.py
[2026-03-11T19:23:03.474+0000] {processor.py:830} INFO - Processing file /opt/airflow/dags/example_dag.py for tasks to queue
[2026-03-11T19:23:03.476+0000] {logging_mixin.py:188} INFO - [2026-03-11T19:23:03.476+0000] {dagbag.py:538} INFO - Filling up the DagBag from /opt/airflow/dags/example_dag.py
[2026-03-11T19:23:03.516+0000] {processor.py:840} INFO - DAG(s) 'example_herbarium_dag' retrieved from /opt/airflow/dags/example_dag.py
[2026-03-11T19:23:03.710+0000] {logging_mixin.py:188} INFO - [2026-03-11T19:23:03.709+0000] {dag.py:3036} INFO - Sync 1 DAGs
[2026-03-11T19:23:03.791+0000] {logging_mixin.py:188} INFO - [2026-03-11T19:23:03.790+0000] {dag.py:3823} INFO - Setting next_dagrun for example_herbarium_dag to 2026-03-11 00:00:00+00:00, run_after=2026-03-12 00:00:00+00:00
[2026-03-11T19:23:03.862+0000] {processor.py:183} INFO - Processing /opt/airflow/dags/example_dag.py took 0.393 seconds
[2026-03-11T19:23:34.283+0000] {processor.py:161} INFO - Started process (PID=467) to work on /opt/airflow/dags/example_dag.py
[2026-03-11T19:23:34.286+0000] {processor.py:830} INFO - Processing file /opt/airflow/dags/example_dag.py for tasks to queue
[2026-03-11T19:23:34.289+0000] {logging_mixin.py:188} INFO - [2026-03-11T19:23:34.288+0000] {dagbag.py:538} INFO - Filling up the DagBag from /opt/airflow/dags/example_dag.py
[2026-03-11T19:23:34.347+0000] {processor.py:840} INFO - DAG(s) 'example_herbarium_dag' retrieved from /opt/airflow/dags/example_dag.py
[2026-03-11T19:23:34.600+0000] {logging_mixin.py:188} INFO - [2026-03-11T19:23:34.599+0000] {dag.py:3036} INFO - Sync 1 DAGs
[2026-03-11T19:23:34.648+0000] {logging_mixin.py:188} INFO - [2026-03-11T19:23:34.648+0000] {dag.py:3823} INFO - Setting next_dagrun for example_herbarium_dag to 2026-03-11 00:00:00+00:00, run_after=2026-03-12 00:00:00+00:00
[2026-03-11T19:23:34.712+0000] {processor.py:183} INFO - Processing /opt/airflow/dags/example_dag.py took 0.439 seconds
[2026-03-11T19:24:05.088+0000] {processor.py:161} INFO - Started process (PID=472) to work on /opt/airflow/dags/example_dag.py
[2026-03-11T19:24:05.091+0000] {processor.py:830} INFO - Processing file /opt/airflow/dags/example_dag.py for tasks to queue
[2026-03-11T19:24:05.094+0000] {logging_mixin.py:188} INFO - [2026-03-11T19:24:05.093+0000] {dagbag.py:538} INFO - Filling up the DagBag from /opt/airflow/dags/example_dag.py
[2026-03-11T19:24:05.172+0000] {processor.py:840} INFO - DAG(s) 'example_herbarium_dag' retrieved from /opt/airflow/dags/example_dag.py
[2026-03-11T19:24:05.674+0000] {logging_mixin.py:188} INFO - [2026-03-11T19:24:05.674+0000] {dag.py:3036} INFO - Sync 1 DAGs
[2026-03-11T19:24:05.762+0000] {logging_mixin.py:188} INFO - [2026-03-11T19:24:05.762+0000] {dag.py:3823} INFO - Setting next_dagrun for example_herbarium_dag to 2026-03-11 00:00:00+00:00, run_after=2026-03-12 00:00:00+00:00
[2026-03-11T19:24:05.846+0000] {processor.py:183} INFO - Processing /opt/airflow/dags/example_dag.py took 0.768 seconds
[2026-03-11T19:24:36.021+0000] {processor.py:161} INFO - Started process (PID=477) to work on /opt/airflow/dags/example_dag.py
[2026-03-11T19:24:36.025+0000] {processor.py:830} INFO - Processing file /opt/airflow/dags/example_dag.py for tasks to queue
[2026-03-11T19:24:36.028+0000] {logging_mixin.py:188} INFO - [2026-03-11T19:24:36.027+0000] {dagbag.py:538} INFO - Filling up the DagBag from /opt/airflow/dags/example_dag.py
[2026-03-11T19:24:36.112+0000] {processor.py:840} INFO - DAG(s) 'example_herbarium_dag' retrieved from /opt/airflow/dags/example_dag.py
[2026-03-11T19:24:36.595+0000] {logging_mixin.py:188} INFO - [2026-03-11T19:24:36.595+0000] {dag.py:3036} INFO - Sync 1 DAGs
[2026-03-11T19:24:36.647+0000] {logging_mixin.py:188} INFO - [2026-03-11T19:24:36.647+0000] {dag.py:3823} INFO - Setting next_dagrun for example_herbarium_dag to 2026-03-11 00:00:00+00:00, run_after=2026-03-12 00:00:00+00:00
[2026-03-11T19:24:36.716+0000] {processor.py:183} INFO - Processing /opt/airflow/dags/example_dag.py took 0.702 seconds
[2026-03-11T19:25:07.182+0000] {processor.py:161} INFO - Started process (PID=482) to work on /opt/airflow/dags/example_dag.py
[2026-03-11T19:25:07.187+0000] {processor.py:830} INFO - Processing file /opt/airflow/dags/example_dag.py for tasks to queue
[2026-03-11T19:25:07.191+0000] {logging_mixin.py:188} INFO - [2026-03-11T19:25:07.190+0000] {dagbag.py:538} INFO - Filling up the DagBag from /opt/airflow/dags/example_dag.py
[2026-03-11T19:25:07.278+0000] {processor.py:840} INFO - DAG(s) 'example_herbarium_dag' retrieved from /opt/airflow/dags/example_dag.py
[2026-03-11T19:25:07.437+0000] {logging_mixin.py:188} INFO - [2026-03-11T19:25:07.437+0000] {dag.py:3036} INFO - Sync 1 DAGs
[2026-03-11T19:25:07.477+0000] {logging_mixin.py:188} INFO - [2026-03-11T19:25:07.477+0000] {dag.py:3823} INFO - Setting next_dagrun for example_herbarium_dag to 2026-03-11 00:00:00+00:00, run_after=2026-03-12 00:00:00+00:00
[2026-03-11T19:25:07.532+0000] {processor.py:183} INFO - Processing /opt/airflow/dags/example_dag.py took 0.360 seconds
[2026-03-11T19:25:38.000+0000] {processor.py:161} INFO - Started process (PID=487) to work on /opt/airflow/dags/example_dag.py
[2026-03-11T19:25:38.003+0000] {processor.py:830} INFO - Processing file /opt/airflow/dags/example_dag.py for tasks to queue
[2026-03-11T19:25:38.009+0000] {logging_mixin.py:188} INFO - [2026-03-11T19:25:38.008+0000] {dagbag.py:538} INFO - Filling up the DagBag from /opt/airflow/dags/example_dag.py
[2026-03-11T19:25:38.176+0000] {processor.py:840} INFO - DAG(s) 'example_herbarium_dag' retrieved from /opt/airflow/dags/example_dag.py
[2026-03-11T19:25:38.483+0000] {logging_mixin.py:188} INFO - [2026-03-11T19:25:38.482+0000] {dag.py:3036} INFO - Sync 1 DAGs
[2026-03-11T19:25:38.574+0000] {logging_mixin.py:188} INFO - [2026-03-11T19:25:38.574+0000] {dag.py:3823} INFO - Setting next_dagrun for example_herbarium_dag to 2026-03-11 00:00:00+00:00, run_after=2026-03-12 00:00:00+00:00
[2026-03-11T19:25:38.627+0000] {processor.py:183} INFO - Processing /opt/airflow/dags/example_dag.py took 0.634 seconds
[2026-03-11T19:26:09.286+0000] {processor.py:161} INFO - Started process (PID=492) to work on /opt/airflow/dags/example_dag.py
[2026-03-11T19:26:09.288+0000] {processor.py:830} INFO - Processing file /opt/airflow/dags/example_dag.py for tasks to queue
[2026-03-11T19:26:09.289+0000] {logging_mixin.py:188} INFO - [2026-03-11T19:26:09.289+0000] {dagbag.py:538} INFO - Filling up the DagBag from /opt/airflow/dags/example_dag.py
[2026-03-11T19:26:09.327+0000] {processor.py:840} INFO - DAG(s) 'example_herbarium_dag' retrieved from /opt/airflow/dags/example_dag.py
[2026-03-11T19:26:09.488+0000] {logging_mixin.py:188} INFO - [2026-03-11T19:26:09.487+0000] {dag.py:3036} INFO - Sync 1 DAGs
[2026-03-11T19:26:09.535+0000] {logging_mixin.py:188} INFO - [2026-03-11T19:26:09.535+0000] {dag.py:3823} INFO - Setting next_dagrun for example_herbarium_dag to 2026-03-11 00:00:00+00:00, run_after=2026-03-12 00:00:00+00:00
[2026-03-11T19:26:09.592+0000] {processor.py:183} INFO - Processing /opt/airflow/dags/example_dag.py took 0.310 seconds
[2026-03-11T19:26:40.020+0000] {processor.py:161} INFO - Started process (PID=497) to work on /opt/airflow/dags/example_dag.py
[2026-03-11T19:26:40.022+0000] {processor.py:830} INFO - Processing file /opt/airflow/dags/example_dag.py for tasks to queue
[2026-03-11T19:26:40.024+0000] {logging_mixin.py:188} INFO - [2026-03-11T19:26:40.024+0000] {dagbag.py:538} INFO - Filling up the DagBag from /opt/airflow/dags/example_dag.py
[2026-03-11T19:26:40.076+0000] {processor.py:840} INFO - DAG(s) 'example_herbarium_dag' retrieved from /opt/airflow/dags/example_dag.py
[2026-03-11T19:26:40.315+0000] {logging_mixin.py:188} INFO - [2026-03-11T19:26:40.315+0000] {dag.py:3036} INFO - Sync 1 DAGs
[2026-03-11T19:26:40.365+0000] {logging_mixin.py:188} INFO - [2026-03-11T19:26:40.365+0000] {dag.py:3823} INFO - Setting next_dagrun for example_herbarium_dag to 2026-03-11 00:00:00+00:00, run_after=2026-03-12 00:00:00+00:00
[2026-03-11T19:26:40.423+0000] {processor.py:183} INFO - Processing /opt/airflow/dags/example_dag.py took 0.407 seconds
[2026-03-11T19:27:10.789+0000] {processor.py:161} INFO - Started process (PID=502) to work on /opt/airflow/dags/example_dag.py
[2026-03-11T19:27:10.791+0000] {processor.py:830} INFO - Processing file /opt/airflow/dags/example_dag.py for tasks to queue
[2026-03-11T19:27:10.792+0000] {logging_mixin.py:188} INFO - [2026-03-11T19:27:10.792+0000] {dagbag.py:538} INFO - Filling up the DagBag from /opt/airflow/dags/example_dag.py
[2026-03-11T19:27:10.830+0000] {processor.py:840} INFO - DAG(s) 'example_herbarium_dag' retrieved from /opt/airflow/dags/example_dag.py
[2026-03-11T19:27:11.027+0000] {logging_mixin.py:188} INFO - [2026-03-11T19:27:11.026+0000] {dag.py:3036} INFO - Sync 1 DAGs
[2026-03-11T19:27:11.083+0000] {logging_mixin.py:188} INFO - [2026-03-11T19:27:11.082+0000] {dag.py:3823} INFO - Setting next_dagrun for example_herbarium_dag to 2026-03-11 00:00:00+00:00, run_after=2026-03-12 00:00:00+00:00
[2026-03-11T19:27:11.163+0000] {processor.py:183} INFO - Processing /opt/airflow/dags/example_dag.py took 0.377 seconds
[2026-03-11T19:27:41.616+0000] {processor.py:161} INFO - Started process (PID=507) to work on /opt/airflow/dags/example_dag.py
[2026-03-11T19:27:41.619+0000] {processor.py:830} INFO - Processing file /opt/airflow/dags/example_dag.py for tasks to queue
[2026-03-11T19:27:41.622+0000] {logging_mixin.py:188} INFO - [2026-03-11T19:27:41.622+0000] {dagbag.py:538} INFO - Filling up the DagBag from /opt/airflow/dags/example_dag.py
[2026-03-11T19:27:41.659+0000] {processor.py:840} INFO - DAG(s) 'example_herbarium_dag' retrieved from /opt/airflow/dags/example_dag.py
[2026-03-11T19:27:41.811+0000] {logging_mixin.py:188} INFO - [2026-03-11T19:27:41.811+0000] {dag.py:3036} INFO - Sync 1 DAGs
[2026-03-11T19:27:41.843+0000] {logging_mixin.py:188} INFO - [2026-03-11T19:27:41.843+0000] {dag.py:3823} INFO - Setting next_dagrun for example_herbarium_dag to 2026-03-11 00:00:00+00:00, run_after=2026-03-12 00:00:00+00:00
[2026-03-11T19:27:41.910+0000] {processor.py:183} INFO - Processing /opt/airflow/dags/example_dag.py took 0.302 seconds
[2026-03-11T19:28:12.226+0000] {processor.py:161} INFO - Started process (PID=512) to work on /opt/airflow/dags/example_dag.py
[2026-03-11T19:28:12.228+0000] {processor.py:830} INFO - Processing file /opt/airflow/dags/example_dag.py for tasks to queue
[2026-03-11T19:28:12.229+0000] {logging_mixin.py:188} INFO - [2026-03-11T19:28:12.229+0000] {dagbag.py:538} INFO - Filling up the DagBag from /opt/airflow/dags/example_dag.py
[2026-03-11T19:28:12.270+0000] {processor.py:840} INFO - DAG(s) 'example_herbarium_dag' retrieved from /opt/airflow/dags/example_dag.py
[2026-03-11T19:28:12.432+0000] {logging_mixin.py:188} INFO - [2026-03-11T19:28:12.432+0000] {dag.py:3036} INFO - Sync 1 DAGs
[2026-03-11T19:28:12.477+0000] {logging_mixin.py:188} INFO - [2026-03-11T19:28:12.476+0000] {dag.py:3823} INFO - Setting next_dagrun for example_herbarium_dag to 2026-03-11 00:00:00+00:00, run_after=2026-03-12 00:00:00+00:00
[2026-03-11T19:28:12.531+0000] {processor.py:183} INFO - Processing /opt/airflow/dags/example_dag.py took 0.311 seconds
[2026-03-11T19:28:42.876+0000] {processor.py:161} INFO - Started process (PID=517) to work on /opt/airflow/dags/example_dag.py
[2026-03-11T19:28:42.878+0000] {processor.py:830} INFO - Processing file /opt/airflow/dags/example_dag.py for tasks to queue
[2026-03-11T19:28:42.880+0000] {logging_mixin.py:188} INFO - [2026-03-11T19:28:42.880+0000] {dagbag.py:538} INFO - Filling up the DagBag from /opt/airflow/dags/example_dag.py
[2026-03-11T19:28:42.916+0000] {processor.py:840} INFO - DAG(s) 'example_herbarium_dag' retrieved from /opt/airflow/dags/example_dag.py
[2026-03-11T19:28:43.076+0000] {logging_mixin.py:188} INFO - [2026-03-11T19:28:43.076+0000] {dag.py:3036} INFO - Sync 1 DAGs
[2026-03-11T19:28:43.120+0000] {logging_mixin.py:188} INFO - [2026-03-11T19:28:43.120+0000] {dag.py:3823} INFO - Setting next_dagrun for example_herbarium_dag to 2026-03-11 00:00:00+00:00, run_after=2026-03-12 00:00:00+00:00
[2026-03-11T19:28:43.186+0000] {processor.py:183} INFO - Processing /opt/airflow/dags/example_dag.py took 0.313 seconds
[2026-03-11T19:29:13.578+0000] {processor.py:161} INFO - Started process (PID=522) to work on /opt/airflow/dags/example_dag.py
[2026-03-11T19:29:13.580+0000] {processor.py:830} INFO - Processing file /opt/airflow/dags/example_dag.py for tasks to queue
[2026-03-11T19:29:13.581+0000] {logging_mixin.py:188} INFO - [2026-03-11T19:29:13.580+0000] {dagbag.py:538} INFO - Filling up the DagBag from /opt/airflow/dags/example_dag.py
[2026-03-11T19:29:13.610+0000] {processor.py:840} INFO - DAG(s) 'example_herbarium_dag' retrieved from /opt/airflow/dags/example_dag.py
[2026-03-11T19:29:13.791+0000] {logging_mixin.py:188} INFO - [2026-03-11T19:29:13.790+0000] {dag.py:3036} INFO - Sync 1 DAGs
[2026-03-11T19:29:13.834+0000] {logging_mixin.py:188} INFO - [2026-03-11T19:29:13.833+0000] {dag.py:3823} INFO - Setting next_dagrun for example_herbarium_dag to 2026-03-11 00:00:00+00:00, run_after=2026-03-12 00:00:00+00:00
[2026-03-11T19:29:13.886+0000] {processor.py:183} INFO - Processing /opt/airflow/dags/example_dag.py took 0.312 seconds
[2026-03-11T19:29:44.012+0000] {processor.py:161} INFO - Started process (PID=527) to work on /opt/airflow/dags/example_dag.py
[2026-03-11T19:29:44.014+0000] {processor.py:830} INFO - Processing file /opt/airflow/dags/example_dag.py for tasks to queue
[2026-03-11T19:29:44.016+0000] {logging_mixin.py:188} INFO - [2026-03-11T19:29:44.016+0000] {dagbag.py:538} INFO - Filling up the DagBag from /opt/airflow/dags/example_dag.py
[2026-03-11T19:29:44.097+0000] {processor.py:840} INFO - DAG(s) 'example_herbarium_dag' retrieved from /opt/airflow/dags/example_dag.py
[2026-03-11T19:29:44.684+0000] {logging_mixin.py:188} INFO - [2026-03-11T19:29:44.684+0000] {dag.py:3036} INFO - Sync 1 DAGs
[2026-03-11T19:29:44.832+0000] {logging_mixin.py:188} INFO - [2026-03-11T19:29:44.831+0000] {dag.py:3823} INFO - Setting next_dagrun for example_herbarium_dag to 2026-03-11 00:00:00+00:00, run_after=2026-03-12 00:00:00+00:00
[2026-03-11T19:29:44.944+0000] {processor.py:183} INFO - Processing /opt/airflow/dags/example_dag.py took 0.937 seconds
[2026-03-11T19:30:15.347+0000] {processor.py:161} INFO - Started process (PID=532) to work on /opt/airflow/dags/example_dag.py
[2026-03-11T19:30:15.349+0000] {processor.py:830} INFO - Processing file /opt/airflow/dags/example_dag.py for tasks to queue
[2026-03-11T19:30:15.350+0000] {logging_mixin.py:188} INFO - [2026-03-11T19:30:15.350+0000] {dagbag.py:538} INFO - Filling up the DagBag from /opt/airflow/dags/example_dag.py
[2026-03-11T19:30:15.391+0000] {processor.py:840} INFO - DAG(s) 'example_herbarium_dag' retrieved from /opt/airflow/dags/example_dag.py
[2026-03-11T19:30:15.634+0000] {logging_mixin.py:188} INFO - [2026-03-11T19:30:15.634+0000] {dag.py:3036} INFO - Sync 1 DAGs
[2026-03-11T19:30:15.710+0000] {logging_mixin.py:188} INFO - [2026-03-11T19:30:15.710+0000] {dag.py:3823} INFO - Setting next_dagrun for example_herbarium_dag to 2026-03-11 00:00:00+00:00, run_after=2026-03-12 00:00:00+00:00
[2026-03-11T19:30:15.762+0000] {processor.py:183} INFO - Processing /opt/airflow/dags/example_dag.py took 0.421 seconds
[2026-03-11T19:30:45.889+0000] {processor.py:161} INFO - Started process (PID=537) to work on /opt/airflow/dags/example_dag.py
[2026-03-11T19:30:45.891+0000] {processor.py:830} INFO - Processing file /opt/airflow/dags/example_dag.py for tasks to queue
[2026-03-11T19:30:45.893+0000] {logging_mixin.py:188} INFO - [2026-03-11T19:30:45.892+0000] {dagbag.py:538} INFO - Filling up the DagBag from /opt/airflow/dags/example_dag.py
[2026-03-11T19:30:45.923+0000] {processor.py:840} INFO - DAG(s) 'example_herbarium_dag' retrieved from /opt/airflow/dags/example_dag.py
[2026-03-11T19:30:46.083+0000] {logging_mixin.py:188} INFO - [2026-03-11T19:30:46.082+0000] {dag.py:3036} INFO - Sync 1 DAGs
[2026-03-11T19:30:46.141+0000] {logging_mixin.py:188} INFO - [2026-03-11T19:30:46.141+0000] {dag.py:3823} INFO - Setting next_dagrun for example_herbarium_dag to 2026-03-11 00:00:00+00:00, run_after=2026-03-12 00:00:00+00:00
[2026-03-11T19:30:46.214+0000] {processor.py:183} INFO - Processing /opt/airflow/dags/example_dag.py took 0.330 seconds
[2026-03-11T19:31:16.567+0000] {processor.py:161} INFO - Started process (PID=542) to work on /opt/airflow/dags/example_dag.py
[2026-03-11T19:31:16.570+0000] {processor.py:830} INFO - Processing file /opt/airflow/dags/example_dag.py for tasks to queue
[2026-03-11T19:31:16.572+0000] {logging_mixin.py:188} INFO - [2026-03-11T19:31:16.572+0000] {dagbag.py:538} INFO - Filling up the DagBag from /opt/airflow/dags/example_dag.py
[2026-03-11T19:31:16.644+0000] {processor.py:840} INFO - DAG(s) 'example_herbarium_dag' retrieved from /opt/airflow/dags/example_dag.py
[2026-03-11T19:31:17.365+0000] {logging_mixin.py:188} INFO - [2026-03-11T19:31:17.364+0000] {dag.py:3036} INFO - Sync 1 DAGs
[2026-03-11T19:31:17.430+0000] {logging_mixin.py:188} INFO - [2026-03-11T19:31:17.429+0000] {dag.py:3823} INFO - Setting next_dagrun for example_herbarium_dag to 2026-03-11 00:00:00+00:00, run_after=2026-03-12 00:00:00+00:00
[2026-03-11T19:31:17.540+0000] {processor.py:183} INFO - Processing /opt/airflow/dags/example_dag.py took 0.978 seconds
[2026-03-11T19:31:47.896+0000] {processor.py:161} INFO - Started process (PID=547) to work on /opt/airflow/dags/example_dag.py
[2026-03-11T19:31:47.898+0000] {processor.py:830} INFO - Processing file /opt/airflow/dags/example_dag.py for tasks to queue
[2026-03-11T19:31:47.900+0000] {logging_mixin.py:188} INFO - [2026-03-11T19:31:47.899+0000] {dagbag.py:538} INFO - Filling up the DagBag from /opt/airflow/dags/example_dag.py
[2026-03-11T19:31:47.949+0000] {processor.py:840} INFO - DAG(s) 'example_herbarium_dag' retrieved from /opt/airflow/dags/example_dag.py
[2026-03-11T19:31:48.280+0000] {logging_mixin.py:188} INFO - [2026-03-11T19:31:48.280+0000] {dag.py:3036} INFO - Sync 1 DAGs
[2026-03-11T19:31:48.367+0000] {logging_mixin.py:188} INFO - [2026-03-11T19:31:48.367+0000] {dag.py:3823} INFO - Setting next_dagrun for example_herbarium_dag to 2026-03-11 00:00:00+00:00, run_after=2026-03-12 00:00:00+00:00
[2026-03-11T19:31:48.452+0000] {processor.py:183} INFO - Processing /opt/airflow/dags/example_dag.py took 0.559 seconds
[2026-03-11T19:32:18.994+0000] {processor.py:161} INFO - Started process (PID=552) to work on /opt/airflow/dags/example_dag.py
[2026-03-11T19:32:18.996+0000] {processor.py:830} INFO - Processing file /opt/airflow/dags/example_dag.py for tasks to queue
[2026-03-11T19:32:19.002+0000] {logging_mixin.py:188} INFO - [2026-03-11T19:32:19.001+0000] {dagbag.py:538} INFO - Filling up the DagBag from /opt/airflow/dags/example_dag.py
[2026-03-11T19:32:19.145+0000] {processor.py:840} INFO - DAG(s) 'example_herbarium_dag' retrieved from /opt/airflow/dags/example_dag.py
[2026-03-11T19:32:19.458+0000] {logging_mixin.py:188} INFO - [2026-03-11T19:32:19.458+0000] {dag.py:3036} INFO - Sync 1 DAGs
[2026-03-11T19:32:19.504+0000] {logging_mixin.py:188} INFO - [2026-03-11T19:32:19.504+0000] {dag.py:3823} INFO - Setting next_dagrun for example_herbarium_dag to 2026-03-11 00:00:00+00:00, run_after=2026-03-12 00:00:00+00:00
[2026-03-11T19:32:19.574+0000] {processor.py:183} INFO - Processing /opt/airflow/dags/example_dag.py took 0.586 seconds
[2026-03-11T19:32:49.677+0000] {processor.py:161} INFO - Started process (PID=557) to work on /opt/airflow/dags/example_dag.py
[2026-03-11T19:32:49.679+0000] {processor.py:830} INFO - Processing file /opt/airflow/dags/example_dag.py for tasks to queue
[2026-03-11T19:32:49.682+0000] {logging_mixin.py:188} INFO - [2026-03-11T19:32:49.681+0000] {dagbag.py:538} INFO - Filling up the DagBag from /opt/airflow/dags/example_dag.py
[2026-03-11T19:32:49.742+0000] {processor.py:840} INFO - DAG(s) 'example_herbarium_dag' retrieved from /opt/airflow/dags/example_dag.py
[2026-03-11T19:32:50.384+0000] {logging_mixin.py:188} INFO - [2026-03-11T19:32:50.384+0000] {dag.py:3036} INFO - Sync 1 DAGs
[2026-03-11T19:32:50.480+0000] {logging_mixin.py:188} INFO - [2026-03-11T19:32:50.480+0000] {dag.py:3823} INFO - Setting next_dagrun for example_herbarium_dag to 2026-03-11 00:00:00+00:00, run_after=2026-03-12 00:00:00+00:00
[2026-03-11T19:32:50.566+0000] {processor.py:183} INFO - Processing /opt/airflow/dags/example_dag.py took 0.894 seconds
[2026-03-11T19:33:21.099+0000] {processor.py:161} INFO - Started process (PID=562) to work on /opt/airflow/dags/example_dag.py
[2026-03-11T19:33:21.102+0000] {processor.py:830} INFO - Processing file /opt/airflow/dags/example_dag.py for tasks to queue
[2026-03-11T19:33:21.104+0000] {logging_mixin.py:188} INFO - [2026-03-11T19:33:21.104+0000] {dagbag.py:538} INFO - Filling up the DagBag from /opt/airflow/dags/example_dag.py
[2026-03-11T19:33:21.186+0000] {processor.py:840} INFO - DAG(s) 'example_herbarium_dag' retrieved from /opt/airflow/dags/example_dag.py
[2026-03-11T19:33:21.861+0000] {logging_mixin.py:188} INFO - [2026-03-11T19:33:21.860+0000] {dag.py:3036} INFO - Sync 1 DAGs
[2026-03-11T19:33:22.008+0000] {logging_mixin.py:188} INFO - [2026-03-11T19:33:22.007+0000] {dag.py:3823} INFO - Setting next_dagrun for example_herbarium_dag to 2026-03-11 00:00:00+00:00, run_after=2026-03-12 00:00:00+00:00
[2026-03-11T19:33:22.088+0000] {processor.py:183} INFO - Processing /opt/airflow/dags/example_dag.py took 0.995 seconds
[2026-03-11T19:33:52.506+0000] {processor.py:161} INFO - Started process (PID=567) to work on /opt/airflow/dags/example_dag.py
[2026-03-11T19:33:52.508+0000] {processor.py:830} INFO - Processing file /opt/airflow/dags/example_dag.py for tasks to queue
[2026-03-11T19:33:52.509+0000] {logging_mixin.py:188} INFO - [2026-03-11T19:33:52.509+0000] {dagbag.py:538} INFO - Filling up the DagBag from /opt/airflow/dags/example_dag.py
[2026-03-11T19:33:52.540+0000] {processor.py:840} INFO - DAG(s) 'example_herbarium_dag' retrieved from /opt/airflow/dags/example_dag.py
[2026-03-11T19:33:53.090+0000] {logging_mixin.py:188} INFO - [2026-03-11T19:33:53.089+0000] {dag.py:3036} INFO - Sync 1 DAGs
[2026-03-11T19:33:53.204+0000] {logging_mixin.py:188} INFO - [2026-03-11T19:33:53.203+0000] {dag.py:3823} INFO - Setting next_dagrun for example_herbarium_dag to 2026-03-11 00:00:00+00:00, run_after=2026-03-12 00:00:00+00:00
[2026-03-11T19:33:53.315+0000] {processor.py:183} INFO - Processing /opt/airflow/dags/example_dag.py took 0.812 seconds
[2026-03-11T19:34:23.849+0000] {processor.py:161} INFO - Started process (PID=572) to work on /opt/airflow/dags/example_dag.py
[2026-03-11T19:34:23.851+0000] {processor.py:830} INFO - Processing file /opt/airflow/dags/example_dag.py for tasks to queue
[2026-03-11T19:34:23.853+0000] {logging_mixin.py:188} INFO - [2026-03-11T19:34:23.853+0000] {dagbag.py:538} INFO - Filling up the DagBag from /opt/airflow/dags/example_dag.py
[2026-03-11T19:34:23.901+0000] {processor.py:840} INFO - DAG(s) 'example_herbarium_dag' retrieved from /opt/airflow/dags/example_dag.py
[2026-03-11T19:34:24.258+0000] {logging_mixin.py:188} INFO - [2026-03-11T19:34:24.258+0000] {dag.py:3036} INFO - Sync 1 DAGs
[2026-03-11T19:34:24.319+0000] {logging_mixin.py:188} INFO - [2026-03-11T19:34:24.318+0000] {dag.py:3823} INFO - Setting next_dagrun for example_herbarium_dag to 2026-03-11 00:00:00+00:00, run_after=2026-03-12 00:00:00+00:00
[2026-03-11T19:34:24.379+0000] {processor.py:183} INFO - Processing /opt/airflow/dags/example_dag.py took 0.535 seconds
[2026-03-11T19:34:55.008+0000] {processor.py:161} INFO - Started process (PID=577) to work on /opt/airflow/dags/example_dag.py
[2026-03-11T19:34:55.012+0000] {processor.py:830} INFO - Processing file /opt/airflow/dags/example_dag.py for tasks to queue
[2026-03-11T19:34:55.016+0000] {logging_mixin.py:188} INFO - [2026-03-11T19:34:55.015+0000] {dagbag.py:538} INFO - Filling up the DagBag from /opt/airflow/dags/example_dag.py
[2026-03-11T19:34:55.178+0000] {processor.py:840} INFO - DAG(s) 'example_herbarium_dag' retrieved from /opt/airflow/dags/example_dag.py
[2026-03-11T19:34:55.766+0000] {logging_mixin.py:188} INFO - [2026-03-11T19:34:55.765+0000] {dag.py:3036} INFO - Sync 1 DAGs
[2026-03-11T19:34:55.859+0000] {logging_mixin.py:188} INFO - [2026-03-11T19:34:55.858+0000] {dag.py:3823} INFO - Setting next_dagrun for example_herbarium_dag to 2026-03-11 00:00:00+00:00, run_after=2026-03-12 00:00:00+00:00
[2026-03-11T19:34:55.967+0000] {processor.py:183} INFO - Processing /opt/airflow/dags/example_dag.py took 0.964 seconds
[2026-03-11T19:35:26.376+0000] {processor.py:161} INFO - Started process (PID=582) to work on /opt/airflow/dags/example_dag.py
[2026-03-11T19:35:26.379+0000] {processor.py:830} INFO - Processing file /opt/airflow/dags/example_dag.py for tasks to queue
[2026-03-11T19:35:26.383+0000] {logging_mixin.py:188} INFO - [2026-03-11T19:35:26.382+0000] {dagbag.py:538} INFO - Filling up the DagBag from /opt/airflow/dags/example_dag.py
[2026-03-11T19:35:26.486+0000] {processor.py:840} INFO - DAG(s) 'example_herbarium_dag' retrieved from /opt/airflow/dags/example_dag.py
[2026-03-11T19:35:26.647+0000] {logging_mixin.py:188} INFO - [2026-03-11T19:35:26.646+0000] {dag.py:3036} INFO - Sync 1 DAGs
[2026-03-11T19:35:26.756+0000] {logging_mixin.py:188} INFO - [2026-03-11T19:35:26.755+0000] {dag.py:3823} INFO - Setting next_dagrun for example_herbarium_dag to 2026-03-11 00:00:00+00:00, run_after=2026-03-12 00:00:00+00:00
[2026-03-11T19:35:26.867+0000] {processor.py:183} INFO - Processing /opt/airflow/dags/example_dag.py took 0.494 seconds
[2026-03-11T19:35:57.563+0000] {processor.py:161} INFO - Started process (PID=587) to work on /opt/airflow/dags/example_dag.py
[2026-03-11T19:35:57.565+0000] {processor.py:830} INFO - Processing file /opt/airflow/dags/example_dag.py for tasks to queue
[2026-03-11T19:35:57.567+0000] {logging_mixin.py:188} INFO - [2026-03-11T19:35:57.566+0000] {dagbag.py:538} INFO - Filling up the DagBag from /opt/airflow/dags/example_dag.py
[2026-03-11T19:35:57.641+0000] {processor.py:840} INFO - DAG(s) 'example_herbarium_dag' retrieved from /opt/airflow/dags/example_dag.py
[2026-03-11T19:35:57.875+0000] {logging_mixin.py:188} INFO - [2026-03-11T19:35:57.875+0000] {dag.py:3036} INFO - Sync 1 DAGs
[2026-03-11T19:35:57.931+0000] {logging_mixin.py:188} INFO - [2026-03-11T19:35:57.931+0000] {dag.py:3823} INFO - Setting next_dagrun for example_herbarium_dag to 2026-03-11 00:00:00+00:00, run_after=2026-03-12 00:00:00+00:00
[2026-03-11T19:35:58.006+0000] {processor.py:183} INFO - Processing /opt/airflow/dags/example_dag.py took 0.449 seconds
[2026-03-11T19:36:28.093+0000] {processor.py:161} INFO - Started process (PID=592) to work on /opt/airflow/dags/example_dag.py
[2026-03-11T19:36:28.096+0000] {processor.py:830} INFO - Processing file /opt/airflow/dags/example_dag.py for tasks to queue
[2026-03-11T19:36:28.099+0000] {logging_mixin.py:188} INFO - [2026-03-11T19:36:28.098+0000] {dagbag.py:538} INFO - Filling up the DagBag from /opt/airflow/dags/example_dag.py
[2026-03-11T19:36:28.162+0000] {processor.py:840} INFO - DAG(s) 'example_herbarium_dag' retrieved from /opt/airflow/dags/example_dag.py
[2026-03-11T19:36:28.480+0000] {logging_mixin.py:188} INFO - [2026-03-11T19:36:28.479+0000] {dag.py:3036} INFO - Sync 1 DAGs
[2026-03-11T19:36:28.535+0000] {logging_mixin.py:188} INFO - [2026-03-11T19:36:28.535+0000] {dag.py:3823} INFO - Setting next_dagrun for example_herbarium_dag to 2026-03-11 00:00:00+00:00, run_after=2026-03-12 00:00:00+00:00
[2026-03-11T19:36:28.612+0000] {processor.py:183} INFO - Processing /opt/airflow/dags/example_dag.py took 0.527 seconds
[2026-03-11T19:36:58.934+0000] {processor.py:161} INFO - Started process (PID=597) to work on /opt/airflow/dags/example_dag.py
[2026-03-11T19:36:58.936+0000] {processor.py:830} INFO - Processing file /opt/airflow/dags/example_dag.py for tasks to queue
[2026-03-11T19:36:58.937+0000] {logging_mixin.py:188} INFO - [2026-03-11T19:36:58.936+0000] {dagbag.py:538} INFO - Filling up the DagBag from /opt/airflow/dags/example_dag.py
[2026-03-11T19:36:58.976+0000] {processor.py:840} INFO - DAG(s) 'example_herbarium_dag' retrieved from /opt/airflow/dags/example_dag.py
[2026-03-11T19:36:59.373+0000] {logging_mixin.py:188} INFO - [2026-03-11T19:36:59.373+0000] {dag.py:3036} INFO - Sync 1 DAGs
[2026-03-11T19:36:59.421+0000] {logging_mixin.py:188} INFO - [2026-03-11T19:36:59.421+0000] {dag.py:3823} INFO - Setting next_dagrun for example_herbarium_dag to 2026-03-11 00:00:00+00:00, run_after=2026-03-12 00:00:00+00:00
[2026-03-11T19:36:59.523+0000] {processor.py:183} INFO - Processing /opt/airflow/dags/example_dag.py took 0.593 seconds
[2026-03-11T19:37:29.902+0000] {processor.py:161} INFO - Started process (PID=602) to work on /opt/airflow/dags/example_dag.py
[2026-03-11T19:37:29.903+0000] {processor.py:830} INFO - Processing file /opt/airflow/dags/example_dag.py for tasks to queue
[2026-03-11T19:37:29.904+0000] {logging_mixin.py:188} INFO - [2026-03-11T19:37:29.904+0000] {dagbag.py:538} INFO - Filling up the DagBag from /opt/airflow/dags/example_dag.py
[2026-03-11T19:37:29.936+0000] {processor.py:840} INFO - DAG(s) 'example_herbarium_dag' retrieved from /opt/airflow/dags/example_dag.py
[2026-03-11T19:37:30.143+0000] {logging_mixin.py:188} INFO - [2026-03-11T19:37:30.143+0000] {dag.py:3036} INFO - Sync 1 DAGs
[2026-03-11T19:37:30.181+0000] {logging_mixin.py:188} INFO - [2026-03-11T19:37:30.181+0000] {dag.py:3823} INFO - Setting next_dagrun for example_herbarium_dag to 2026-03-11 00:00:00+00:00, run_after=2026-03-12 00:00:00+00:00
[2026-03-11T19:37:30.306+0000] {processor.py:183} INFO - Processing /opt/airflow/dags/example_dag.py took 0.407 seconds
