[2026-03-16T17:12:56.433+0000] {taskinstance.py:1956} INFO - Dependencies all met for dep_context=non-requeueable deps ti=<TaskInstance: herbarium_etl_dag.run_etl manual__2026-03-16T17:12:54.135087+00:00 [queued]>
[2026-03-16T17:12:56.456+0000] {taskinstance.py:1956} INFO - Dependencies all met for dep_context=requeueable deps ti=<TaskInstance: herbarium_etl_dag.run_etl manual__2026-03-16T17:12:54.135087+00:00 [queued]>
[2026-03-16T17:12:56.457+0000] {taskinstance.py:2170} INFO - Starting attempt 1 of 4
[2026-03-16T17:12:56.498+0000] {taskinstance.py:2191} INFO - Executing <Task(PythonOperator): run_etl> on 2026-03-16 17:12:54.135087+00:00
[2026-03-16T17:12:56.507+0000] {standard_task_runner.py:60} INFO - Started process 287 to run task
[2026-03-16T17:12:56.514+0000] {standard_task_runner.py:87} INFO - Running: ['***', 'tasks', 'run', 'herbarium_etl_dag', 'run_etl', 'manual__2026-03-16T17:12:54.135087+00:00', '--job-id', '5', '--raw', '--subdir', 'DAGS_FOLDER/herbarium_etl_dag.py', '--cfg-path', '/tmp/tmp6bb3cvf0']
[2026-03-16T17:12:56.519+0000] {standard_task_runner.py:88} INFO - Job 5: Subtask run_etl
[2026-03-16T17:12:57.129+0000] {task_command.py:423} INFO - Running <TaskInstance: herbarium_etl_dag.run_etl manual__2026-03-16T17:12:54.135087+00:00 [running]> on host c3ab0c79a5e3
[2026-03-16T17:12:57.908+0000] {taskinstance.py:2480} INFO - Exporting env vars: AIRFLOW_CTX_DAG_OWNER='***' AIRFLOW_CTX_DAG_ID='herbarium_etl_dag' AIRFLOW_CTX_TASK_ID='run_etl' AIRFLOW_CTX_EXECUTION_DATE='2026-03-16T17:12:54.135087+00:00' AIRFLOW_CTX_TRY_NUMBER='1' AIRFLOW_CTX_DAG_RUN_ID='manual__2026-03-16T17:12:54.135087+00:00'
[2026-03-16T17:12:58.075+0000] {base.py:83} INFO - Using connection ID 'herbarium_postgres' for task execution.
[2026-03-16T17:13:02.314+0000] {taskinstance.py:2698} ERROR - Task failed with exception
Traceback (most recent call last):
  File "/opt/airflow/dags/herbarium_etl_dag.py", line 49, in etl_process
    conn = hook.get_conn()
  File "/home/airflow/.local/lib/python3.8/site-packages/airflow/providers/postgres/hooks/postgres.py", line 158, in get_conn
    self.conn = psycopg2.connect(**conn_args)
  File "/home/airflow/.local/lib/python3.8/site-packages/psycopg2/__init__.py", line 122, in connect
    conn = _connect(dsn, connection_factory=connection_factory, **kwasync)
psycopg2.OperationalError: could not translate host name "***" to address: No address associated with hostname


During handling of the above exception, another exception occurred:

Traceback (most recent call last):
  File "/home/airflow/.local/lib/python3.8/site-packages/airflow/models/taskinstance.py", line 433, in _execute_task
    result = execute_callable(context=context, **execute_callable_kwargs)
  File "/home/airflow/.local/lib/python3.8/site-packages/airflow/operators/python.py", line 199, in execute
    return_value = self.execute_callable()
  File "/home/airflow/.local/lib/python3.8/site-packages/airflow/operators/python.py", line 216, in execute_callable
    return self.python_callable(*self.op_args, **self.op_kwargs)
  File "/opt/airflow/dags/herbarium_etl_dag.py", line 53, in etl_process
    raise AirflowException(f"Connection to {CONN_ID} failed: {e}")
airflow.exceptions.AirflowException: Connection to herbarium_postgres failed: could not translate host name "***" to address: No address associated with hostname

[2026-03-16T17:13:02.325+0000] {taskinstance.py:1138} INFO - Marking task as UP_FOR_RETRY. dag_id=herbarium_etl_dag, task_id=run_etl, execution_date=20260316T171254, start_date=20260316T171256, end_date=20260316T171302
[2026-03-16T17:13:02.375+0000] {standard_task_runner.py:107} ERROR - Failed to execute job 5 for task run_etl (Connection to herbarium_postgres failed: could not translate host name "***" to address: No address associated with hostname
; 287)
[2026-03-16T17:13:02.422+0000] {local_task_job_runner.py:234} INFO - Task exited with return code 1
[2026-03-16T17:13:02.592+0000] {taskinstance.py:3280} INFO - 0 downstream tasks scheduled from follow-on schedule check
