[2026-03-16T17:18:04.230+0000] {taskinstance.py:1956} INFO - Dependencies all met for dep_context=non-requeueable deps ti=<TaskInstance: herbarium_etl_dag.run_etl manual__2026-03-16T17:12:54.135087+00:00 [queued]>
[2026-03-16T17:18:04.245+0000] {taskinstance.py:1956} INFO - Dependencies all met for dep_context=requeueable deps ti=<TaskInstance: herbarium_etl_dag.run_etl manual__2026-03-16T17:12:54.135087+00:00 [queued]>
[2026-03-16T17:18:04.246+0000] {taskinstance.py:2170} INFO - Starting attempt 2 of 4
[2026-03-16T17:18:04.274+0000] {taskinstance.py:2191} INFO - Executing <Task(PythonOperator): run_etl> on 2026-03-16 17:12:54.135087+00:00
[2026-03-16T17:18:04.281+0000] {standard_task_runner.py:60} INFO - Started process 347 to run task
[2026-03-16T17:18:04.289+0000] {standard_task_runner.py:87} INFO - Running: ['***', 'tasks', 'run', 'herbarium_etl_dag', 'run_etl', 'manual__2026-03-16T17:12:54.135087+00:00', '--job-id', '10', '--raw', '--subdir', 'DAGS_FOLDER/herbarium_etl_dag.py', '--cfg-path', '/tmp/tmpgxpt8uu7']
[2026-03-16T17:18:04.297+0000] {standard_task_runner.py:88} INFO - Job 10: Subtask run_etl
[2026-03-16T17:18:04.882+0000] {task_command.py:423} INFO - Running <TaskInstance: herbarium_etl_dag.run_etl manual__2026-03-16T17:12:54.135087+00:00 [running]> on host c3ab0c79a5e3
[2026-03-16T17:18:05.642+0000] {taskinstance.py:2480} INFO - Exporting env vars: AIRFLOW_CTX_DAG_OWNER='***' AIRFLOW_CTX_DAG_ID='herbarium_etl_dag' AIRFLOW_CTX_TASK_ID='run_etl' AIRFLOW_CTX_EXECUTION_DATE='2026-03-16T17:12:54.135087+00:00' AIRFLOW_CTX_TRY_NUMBER='2' AIRFLOW_CTX_DAG_RUN_ID='manual__2026-03-16T17:12:54.135087+00:00'
[2026-03-16T17:18:05.799+0000] {base.py:83} INFO - Using connection ID 'herbarium_postgres' for task execution.
[2026-03-16T17:18:05.989+0000] {herbarium_etl_dag.py:51} INFO - Successfully connected to herbarium_postgres
[2026-03-16T17:18:05.990+0000] {herbarium_etl_dag.py:57} INFO - Extracting data from herbarium_tasks where status='COMPLETED'
[2026-03-16T17:18:05.994+0000] {herbarium_etl_dag.py:160} INFO - Executing insert for 10 records.
[2026-03-16T17:18:05.996+0000] {herbarium_etl_dag.py:168} ERROR - ETL process failed: column "genus_name" of relation "ci_herbarium_specimens" does not exist
LINE 11:             genus_name,
                     ^

[2026-03-16T17:18:06.145+0000] {taskinstance.py:2698} ERROR - Task failed with exception
Traceback (most recent call last):
  File "/opt/airflow/dags/herbarium_etl_dag.py", line 161, in etl_process
    cur.executemany(insert_query, insert_values)
psycopg2.errors.UndefinedColumn: column "genus_name" of relation "ci_herbarium_specimens" does not exist
LINE 11:             genus_name,
                     ^


During handling of the above exception, another exception occurred:

Traceback (most recent call last):
  File "/home/airflow/.local/lib/python3.8/site-packages/airflow/models/taskinstance.py", line 433, in _execute_task
    result = execute_callable(context=context, **execute_callable_kwargs)
  File "/home/airflow/.local/lib/python3.8/site-packages/airflow/operators/python.py", line 199, in execute
    return_value = self.execute_callable()
  File "/home/airflow/.local/lib/python3.8/site-packages/airflow/operators/python.py", line 216, in execute_callable
    return self.python_callable(*self.op_args, **self.op_kwargs)
  File "/opt/airflow/dags/herbarium_etl_dag.py", line 170, in etl_process
    raise AirflowException(f"ETL process failed: {e}")
airflow.exceptions.AirflowException: ETL process failed: column "genus_name" of relation "ci_herbarium_specimens" does not exist
LINE 11:             genus_name,
                     ^

[2026-03-16T17:18:06.156+0000] {taskinstance.py:1138} INFO - Marking task as UP_FOR_RETRY. dag_id=herbarium_etl_dag, task_id=run_etl, execution_date=20260316T171254, start_date=20260316T171804, end_date=20260316T171806
[2026-03-16T17:18:06.199+0000] {standard_task_runner.py:107} ERROR - Failed to execute job 10 for task run_etl (ETL process failed: column "genus_name" of relation "ci_herbarium_specimens" does not exist
LINE 11:             genus_name,
                     ^
; 347)
[2026-03-16T17:18:06.237+0000] {local_task_job_runner.py:234} INFO - Task exited with return code 1
[2026-03-16T17:18:06.386+0000] {taskinstance.py:3280} INFO - 0 downstream tasks scheduled from follow-on schedule check
