[2026-03-16T17:15:57.821+0000] {taskinstance.py:1956} INFO - Dependencies all met for dep_context=non-requeueable deps ti=<TaskInstance: herbarium_etl_dag.run_etl manual__2026-03-16T17:10:52.354220+00:00 [queued]>
[2026-03-16T17:15:57.841+0000] {taskinstance.py:1956} INFO - Dependencies all met for dep_context=requeueable deps ti=<TaskInstance: herbarium_etl_dag.run_etl manual__2026-03-16T17:10:52.354220+00:00 [queued]>
[2026-03-16T17:15:57.843+0000] {taskinstance.py:2170} INFO - Starting attempt 2 of 4
[2026-03-16T17:15:57.894+0000] {taskinstance.py:2191} INFO - Executing <Task(PythonOperator): run_etl> on 2026-03-16 17:10:52.354220+00:00
[2026-03-16T17:15:57.900+0000] {standard_task_runner.py:60} INFO - Started process 323 to run task
[2026-03-16T17:15:57.907+0000] {standard_task_runner.py:87} INFO - Running: ['***', 'tasks', 'run', 'herbarium_etl_dag', 'run_etl', 'manual__2026-03-16T17:10:52.354220+00:00', '--job-id', '8', '--raw', '--subdir', 'DAGS_FOLDER/herbarium_etl_dag.py', '--cfg-path', '/tmp/tmputx5f0ff']
[2026-03-16T17:15:57.912+0000] {standard_task_runner.py:88} INFO - Job 8: Subtask run_etl
[2026-03-16T17:15:58.791+0000] {task_command.py:423} INFO - Running <TaskInstance: herbarium_etl_dag.run_etl manual__2026-03-16T17:10:52.354220+00:00 [running]> on host c3ab0c79a5e3
[2026-03-16T17:15:59.740+0000] {taskinstance.py:2480} INFO - Exporting env vars: AIRFLOW_CTX_DAG_OWNER='***' AIRFLOW_CTX_DAG_ID='herbarium_etl_dag' AIRFLOW_CTX_TASK_ID='run_etl' AIRFLOW_CTX_EXECUTION_DATE='2026-03-16T17:10:52.354220+00:00' AIRFLOW_CTX_TRY_NUMBER='2' AIRFLOW_CTX_DAG_RUN_ID='manual__2026-03-16T17:10:52.354220+00:00'
[2026-03-16T17:15:59.939+0000] {base.py:83} INFO - Using connection ID 'herbarium_postgres' for task execution.
[2026-03-16T17:16:00.133+0000] {herbarium_etl_dag.py:51} INFO - Successfully connected to herbarium_postgres
[2026-03-16T17:16:00.134+0000] {herbarium_etl_dag.py:57} INFO - Extracting data from herbarium_tasks where status='COMPLETED'
[2026-03-16T17:16:00.140+0000] {herbarium_etl_dag.py:160} INFO - Executing insert for 10 records.
[2026-03-16T17:16:00.142+0000] {herbarium_etl_dag.py:168} ERROR - ETL process failed: column "genus_name" of relation "ci_herbarium_specimens" does not exist
LINE 11:             genus_name,
                     ^

[2026-03-16T17:16:00.332+0000] {taskinstance.py:2698} ERROR - Task failed with exception
Traceback (most recent call last):
  File "/opt/airflow/dags/herbarium_etl_dag.py", line 161, in etl_process
    cur.executemany(insert_query, insert_values)
psycopg2.errors.UndefinedColumn: column "genus_name" of relation "ci_herbarium_specimens" does not exist
LINE 11:             genus_name,
                     ^


During handling of the above exception, another exception occurred:

Traceback (most recent call last):
  File "/home/airflow/.local/lib/python3.8/site-packages/airflow/models/taskinstance.py", line 433, in _execute_task
    result = execute_callable(context=context, **execute_callable_kwargs)
  File "/home/airflow/.local/lib/python3.8/site-packages/airflow/operators/python.py", line 199, in execute
    return_value = self.execute_callable()
  File "/home/airflow/.local/lib/python3.8/site-packages/airflow/operators/python.py", line 216, in execute_callable
    return self.python_callable(*self.op_args, **self.op_kwargs)
  File "/opt/airflow/dags/herbarium_etl_dag.py", line 170, in etl_process
    raise AirflowException(f"ETL process failed: {e}")
airflow.exceptions.AirflowException: ETL process failed: column "genus_name" of relation "ci_herbarium_specimens" does not exist
LINE 11:             genus_name,
                     ^

[2026-03-16T17:16:00.346+0000] {taskinstance.py:1138} INFO - Marking task as UP_FOR_RETRY. dag_id=herbarium_etl_dag, task_id=run_etl, execution_date=20260316T171052, start_date=20260316T171557, end_date=20260316T171600
[2026-03-16T17:16:00.412+0000] {standard_task_runner.py:107} ERROR - Failed to execute job 8 for task run_etl (ETL process failed: column "genus_name" of relation "ci_herbarium_specimens" does not exist
LINE 11:             genus_name,
                     ^
; 323)
[2026-03-16T17:16:00.450+0000] {local_task_job_runner.py:234} INFO - Task exited with return code 1
[2026-03-16T17:16:00.706+0000] {taskinstance.py:3280} INFO - 0 downstream tasks scheduled from follow-on schedule check
