[2026-03-16T17:10:54.576+0000] {taskinstance.py:1956} INFO - Dependencies all met for dep_context=non-requeueable deps ti=<TaskInstance: herbarium_etl_dag.run_etl manual__2026-03-16T17:10:52.354220+00:00 [queued]>
[2026-03-16T17:10:54.590+0000] {taskinstance.py:1956} INFO - Dependencies all met for dep_context=requeueable deps ti=<TaskInstance: herbarium_etl_dag.run_etl manual__2026-03-16T17:10:52.354220+00:00 [queued]>
[2026-03-16T17:10:54.591+0000] {taskinstance.py:2170} INFO - Starting attempt 1 of 4
[2026-03-16T17:10:54.647+0000] {taskinstance.py:2191} INFO - Executing <Task(PythonOperator): run_etl> on 2026-03-16 17:10:52.354220+00:00
[2026-03-16T17:10:54.652+0000] {standard_task_runner.py:60} INFO - Started process 265 to run task
[2026-03-16T17:10:54.662+0000] {standard_task_runner.py:87} INFO - Running: ['***', 'tasks', 'run', 'herbarium_etl_dag', 'run_etl', 'manual__2026-03-16T17:10:52.354220+00:00', '--job-id', '4', '--raw', '--subdir', 'DAGS_FOLDER/herbarium_etl_dag.py', '--cfg-path', '/tmp/tmpvvoc1b1k']
[2026-03-16T17:10:54.665+0000] {standard_task_runner.py:88} INFO - Job 4: Subtask run_etl
[2026-03-16T17:10:55.233+0000] {task_command.py:423} INFO - Running <TaskInstance: herbarium_etl_dag.run_etl manual__2026-03-16T17:10:52.354220+00:00 [running]> on host c3ab0c79a5e3
[2026-03-16T17:10:56.011+0000] {taskinstance.py:2480} INFO - Exporting env vars: AIRFLOW_CTX_DAG_OWNER='***' AIRFLOW_CTX_DAG_ID='herbarium_etl_dag' AIRFLOW_CTX_TASK_ID='run_etl' AIRFLOW_CTX_EXECUTION_DATE='2026-03-16T17:10:52.354220+00:00' AIRFLOW_CTX_TRY_NUMBER='1' AIRFLOW_CTX_DAG_RUN_ID='manual__2026-03-16T17:10:52.354220+00:00'
[2026-03-16T17:10:56.333+0000] {taskinstance.py:2698} ERROR - Task failed with exception
Traceback (most recent call last):
  File "/opt/airflow/dags/herbarium_etl_dag.py", line 49, in etl_process
    conn = hook.get_conn()
  File "/home/airflow/.local/lib/python3.8/site-packages/airflow/providers/postgres/hooks/postgres.py", line 128, in get_conn
    conn = deepcopy(self.connection or self.get_connection(conn_id))
  File "/home/airflow/.local/lib/python3.8/site-packages/airflow/hooks/base.py", line 82, in get_connection
    conn = Connection.get_connection_from_secrets(conn_id)
  File "/home/airflow/.local/lib/python3.8/site-packages/airflow/models/connection.py", line 479, in get_connection_from_secrets
    raise AirflowNotFoundException(f"The conn_id `{conn_id}` isn't defined")
airflow.exceptions.AirflowNotFoundException: The conn_id `herbarium_postgres` isn't defined

During handling of the above exception, another exception occurred:

Traceback (most recent call last):
  File "/home/airflow/.local/lib/python3.8/site-packages/airflow/models/taskinstance.py", line 433, in _execute_task
    result = execute_callable(context=context, **execute_callable_kwargs)
  File "/home/airflow/.local/lib/python3.8/site-packages/airflow/operators/python.py", line 199, in execute
    return_value = self.execute_callable()
  File "/home/airflow/.local/lib/python3.8/site-packages/airflow/operators/python.py", line 216, in execute_callable
    return self.python_callable(*self.op_args, **self.op_kwargs)
  File "/opt/airflow/dags/herbarium_etl_dag.py", line 53, in etl_process
    raise AirflowException(f"Connection to {CONN_ID} failed: {e}")
airflow.exceptions.AirflowException: Connection to herbarium_postgres failed: The conn_id `herbarium_postgres` isn't defined
[2026-03-16T17:10:56.344+0000] {taskinstance.py:1138} INFO - Marking task as UP_FOR_RETRY. dag_id=herbarium_etl_dag, task_id=run_etl, execution_date=20260316T171052, start_date=20260316T171054, end_date=20260316T171056
[2026-03-16T17:10:56.376+0000] {standard_task_runner.py:107} ERROR - Failed to execute job 4 for task run_etl (Connection to herbarium_postgres failed: The conn_id `herbarium_postgres` isn't defined; 265)
[2026-03-16T17:10:56.402+0000] {local_task_job_runner.py:234} INFO - Task exited with return code 1
[2026-03-16T17:10:56.556+0000] {taskinstance.py:3280} INFO - 0 downstream tasks scheduled from follow-on schedule check
