[2026-03-16T17:14:49.622+0000] {taskinstance.py:1956} INFO - Dependencies all met for dep_context=non-requeueable deps ti=<TaskInstance: herbarium_etl_dag.run_etl manual__2026-03-16T17:14:46.486422+00:00 [queued]>
[2026-03-16T17:14:49.636+0000] {taskinstance.py:1956} INFO - Dependencies all met for dep_context=requeueable deps ti=<TaskInstance: herbarium_etl_dag.run_etl manual__2026-03-16T17:14:46.486422+00:00 [queued]>
[2026-03-16T17:14:49.636+0000] {taskinstance.py:2170} INFO - Starting attempt 1 of 4
[2026-03-16T17:14:49.679+0000] {taskinstance.py:2191} INFO - Executing <Task(PythonOperator): run_etl> on 2026-03-16 17:14:46.486422+00:00
[2026-03-16T17:14:49.685+0000] {standard_task_runner.py:60} INFO - Started process 311 to run task
[2026-03-16T17:14:49.691+0000] {standard_task_runner.py:87} INFO - Running: ['***', 'tasks', 'run', 'herbarium_etl_dag', 'run_etl', 'manual__2026-03-16T17:14:46.486422+00:00', '--job-id', '7', '--raw', '--subdir', 'DAGS_FOLDER/herbarium_etl_dag.py', '--cfg-path', '/tmp/tmp817blzpk']
[2026-03-16T17:14:49.694+0000] {standard_task_runner.py:88} INFO - Job 7: Subtask run_etl
[2026-03-16T17:14:50.179+0000] {task_command.py:423} INFO - Running <TaskInstance: herbarium_etl_dag.run_etl manual__2026-03-16T17:14:46.486422+00:00 [running]> on host c3ab0c79a5e3
[2026-03-16T17:14:50.892+0000] {taskinstance.py:2480} INFO - Exporting env vars: AIRFLOW_CTX_DAG_OWNER='***' AIRFLOW_CTX_DAG_ID='herbarium_etl_dag' AIRFLOW_CTX_TASK_ID='run_etl' AIRFLOW_CTX_EXECUTION_DATE='2026-03-16T17:14:46.486422+00:00' AIRFLOW_CTX_TRY_NUMBER='1' AIRFLOW_CTX_DAG_RUN_ID='manual__2026-03-16T17:14:46.486422+00:00'
[2026-03-16T17:14:51.010+0000] {base.py:83} INFO - Using connection ID 'herbarium_postgres' for task execution.
[2026-03-16T17:14:51.135+0000] {herbarium_etl_dag.py:51} INFO - Successfully connected to herbarium_postgres
[2026-03-16T17:14:51.136+0000] {herbarium_etl_dag.py:57} INFO - Extracting data from herbarium_tasks where status='COMPLETED'
[2026-03-16T17:14:51.142+0000] {herbarium_etl_dag.py:160} INFO - Executing insert for 10 records.
[2026-03-16T17:14:51.150+0000] {herbarium_etl_dag.py:168} ERROR - ETL process failed: column "genus_name" of relation "ci_herbarium_specimens" does not exist
LINE 11:             genus_name,
                     ^

[2026-03-16T17:14:51.290+0000] {taskinstance.py:2698} ERROR - Task failed with exception
Traceback (most recent call last):
  File "/opt/airflow/dags/herbarium_etl_dag.py", line 161, in etl_process
    cur.executemany(insert_query, insert_values)
psycopg2.errors.UndefinedColumn: column "genus_name" of relation "ci_herbarium_specimens" does not exist
LINE 11:             genus_name,
                     ^


During handling of the above exception, another exception occurred:

Traceback (most recent call last):
  File "/home/airflow/.local/lib/python3.8/site-packages/airflow/models/taskinstance.py", line 433, in _execute_task
    result = execute_callable(context=context, **execute_callable_kwargs)
  File "/home/airflow/.local/lib/python3.8/site-packages/airflow/operators/python.py", line 199, in execute
    return_value = self.execute_callable()
  File "/home/airflow/.local/lib/python3.8/site-packages/airflow/operators/python.py", line 216, in execute_callable
    return self.python_callable(*self.op_args, **self.op_kwargs)
  File "/opt/airflow/dags/herbarium_etl_dag.py", line 170, in etl_process
    raise AirflowException(f"ETL process failed: {e}")
airflow.exceptions.AirflowException: ETL process failed: column "genus_name" of relation "ci_herbarium_specimens" does not exist
LINE 11:             genus_name,
                     ^

[2026-03-16T17:14:51.300+0000] {taskinstance.py:1138} INFO - Marking task as UP_FOR_RETRY. dag_id=herbarium_etl_dag, task_id=run_etl, execution_date=20260316T171446, start_date=20260316T171449, end_date=20260316T171451
[2026-03-16T17:14:51.327+0000] {standard_task_runner.py:107} ERROR - Failed to execute job 7 for task run_etl (ETL process failed: column "genus_name" of relation "ci_herbarium_specimens" does not exist
LINE 11:             genus_name,
                     ^
; 311)
[2026-03-16T17:14:51.350+0000] {local_task_job_runner.py:234} INFO - Task exited with return code 1
[2026-03-16T17:14:51.559+0000] {taskinstance.py:3280} INFO - 0 downstream tasks scheduled from follow-on schedule check
